[35m[1mScanning dependencies of target _robotino_msgs_generate_messages_check_deps_DigitalReadings[0m
[35m[1mScanning dependencies of target _robotino_msgs_generate_messages_check_deps_MotorReadings[0m
[35m[1mScanning dependencies of target _robotino_msgs_generate_messages_check_deps_GrapplerReadings[0m
[35m[1mScanning dependencies of target _robotino_msgs_generate_messages_check_deps_SetBHAPressures[0m
[35m[1mScanning dependencies of target _robotino_msgs_generate_messages_check_deps_ResetOdometry[0m
[35m[1mScanning dependencies of target geometry_msgs_generate_messages_cpp[0m
[35m[1mScanning dependencies of target std_msgs_generate_messages_cpp[0m
[  0%] Built target geometry_msgs_generate_messages_cpp
[  0%] Built target std_msgs_generate_messages_cpp
[35m[1mScanning dependencies of target _robotino_msgs_generate_messages_check_deps_SetGripperState[0m
[35m[1mScanning dependencies of target _robotino_msgs_generate_messages_check_deps_BHAReadings[0m
[  0%] Built target _robotino_msgs_generate_messages_check_deps_ResetOdometry
[  0%] Built target _robotino_msgs_generate_messages_check_deps_MotorReadings
[  0%] Built target _robotino_msgs_generate_messages_check_deps_SetBHAPressures
[  0%] Built target _robotino_msgs_generate_messages_check_deps_DigitalReadings
[  0%] Built target _robotino_msgs_generate_messages_check_deps_GrapplerReadings
[35m[1mScanning dependencies of target _robotino_msgs_generate_messages_check_deps_PowerReadings[0m
[35m[1mScanning dependencies of target _robotino_msgs_generate_messages_check_deps_GripperState[0m
[35m[1mScanning dependencies of target _robotino_msgs_generate_messages_check_deps_NorthStarReadings[0m
[35m[1mScanning dependencies of target _robotino_msgs_generate_messages_check_deps_SetGrapplerAxes[0m
[35m[1mScanning dependencies of target _robotino_msgs_generate_messages_check_deps_SetGrapplerAxis[0m
[  0%] Built target _robotino_msgs_generate_messages_check_deps_SetGripperState
[  0%] Built target _robotino_msgs_generate_messages_check_deps_BHAReadings
[35m[1mScanning dependencies of target _robotino_msgs_generate_messages_check_deps_EncoderReadings[0m
[35m[1mScanning dependencies of target _robotino_msgs_generate_messages_check_deps_SetEncoderPosition[0m
[  0%] Built target _robotino_msgs_generate_messages_check_deps_NorthStarReadings
[  0%] Built target _robotino_msgs_generate_messages_check_deps_GripperState
[  0%] Built target _robotino_msgs_generate_messages_check_deps_SetGrapplerAxis
[  0%] Built target _robotino_msgs_generate_messages_check_deps_PowerReadings
[35m[1mScanning dependencies of target _robotino_msgs_generate_messages_check_deps_AnalogReadings[0m
[  0%] Built target _robotino_msgs_generate_messages_check_deps_SetGrapplerAxes
[35m[1mScanning dependencies of target std_msgs_generate_messages_py[0m
[35m[1mScanning dependencies of target geometry_msgs_generate_messages_py[0m
[35m[1mScanning dependencies of target geometry_msgs_generate_messages_nodejs[0m
[  0%] Built target std_msgs_generate_messages_py
[35m[1mScanning dependencies of target std_msgs_generate_messages_nodejs[0m
[  0%] Built target _robotino_msgs_generate_messages_check_deps_EncoderReadings
[  0%] Built target geometry_msgs_generate_messages_py
[  0%] Built target geometry_msgs_generate_messages_nodejs
[  0%] Built target _robotino_msgs_generate_messages_check_deps_SetEncoderPosition
[35m[1mScanning dependencies of target std_msgs_generate_messages_eus[0m
[35m[1mScanning dependencies of target geometry_msgs_generate_messages_eus[0m
[  0%] Built target std_msgs_generate_messages_nodejs
[35m[1mScanning dependencies of target std_msgs_generate_messages_lisp[0m
[35m[1mScanning dependencies of target geometry_msgs_generate_messages_lisp[0m
[  0%] Built target geometry_msgs_generate_messages_eus
[  0%] Built target geometry_msgs_generate_messages_lisp
[  0%] Built target std_msgs_generate_messages_eus
[  0%] Built target std_msgs_generate_messages_lisp
[  0%] Built target _robotino_msgs_generate_messages_check_deps_AnalogReadings
[35m[1mScanning dependencies of target robotino_msgs_generate_messages_nodejs[0m
[35m[1mScanning dependencies of target robotino_msgs_generate_messages_eus[0m
[35m[1mScanning dependencies of target robotino_msgs_generate_messages_cpp[0m
[35m[1mScanning dependencies of target robotino_msgs_generate_messages_lisp[0m
[35m[1mScanning dependencies of target robotino_msgs_generate_messages_py[0m
[  1%] [34m[1mGenerating EusLisp code from robotino_msgs/NorthStarReadings.msg[0m
[  2%] [34m[1mGenerating EusLisp code from robotino_msgs/GrapplerReadings.msg[0m
[  3%] [34m[1mGenerating EusLisp code from robotino_msgs/PowerReadings.msg[0m
[  5%] [34m[1mGenerating Javascript code from robotino_msgs/GrapplerReadings.msg[0m
[  6%] [34m[1mGenerating C++ code from robotino_msgs/GrapplerReadings.msg[0m
[  7%] [34m[1mGenerating Lisp code from robotino_msgs/GrapplerReadings.msg[0m
[  8%] [34m[1mGenerating Python from MSG robotino_msgs/GrapplerReadings[0m
[ 10%] [34m[1mGenerating Javascript code from robotino_msgs/NorthStarReadings.msg[0m
[ 11%] [34m[1mGenerating Lisp code from robotino_msgs/NorthStarReadings.msg[0m
[ 12%] [34m[1mGenerating Javascript code from robotino_msgs/PowerReadings.msg[0m
[ 14%] [34m[1mGenerating Javascript code from robotino_msgs/GripperState.msg[0m
[ 15%] [34m[1mGenerating EusLisp code from robotino_msgs/GripperState.msg[0m
[ 16%] [34m[1mGenerating Javascript code from robotino_msgs/SetGrapplerAxis.msg[0m
[ 17%] [34m[1mGenerating Lisp code from robotino_msgs/PowerReadings.msg[0m
[ 19%] [34m[1mGenerating Python from MSG robotino_msgs/NorthStarReadings[0m
[ 20%] [34m[1mGenerating Javascript code from robotino_msgs/SetGrapplerAxes.msg[0m
[ 21%] [34m[1mGenerating Python from MSG robotino_msgs/PowerReadings[0m
[ 23%] [34m[1mGenerating EusLisp code from robotino_msgs/SetGrapplerAxis.msg[0m
[ 24%] [34m[1mGenerating EusLisp code from robotino_msgs/SetGrapplerAxes.msg[0m
[ 25%] [34m[1mGenerating Lisp code from robotino_msgs/GripperState.msg[0m
[ 26%] [34m[1mGenerating Javascript code from robotino_msgs/SetBHAPressures.msg[0m
[ 28%] [34m[1mGenerating C++ code from robotino_msgs/NorthStarReadings.msg[0m
[ 29%] [34m[1mGenerating C++ code from robotino_msgs/PowerReadings.msg[0m
[ 30%] [34m[1mGenerating Lisp code from robotino_msgs/SetGrapplerAxis.msg[0m
[ 32%] [34m[1mGenerating Javascript code from robotino_msgs/MotorReadings.msg[0m
[ 33%] [34m[1mGenerating EusLisp code from robotino_msgs/SetBHAPressures.msg[0m
[ 34%] [34m[1mGenerating Lisp code from robotino_msgs/SetGrapplerAxes.msg[0m
[ 35%] [34m[1mGenerating Python from MSG robotino_msgs/GripperState[0m
[ 37%] [34m[1mGenerating Javascript code from robotino_msgs/BHAReadings.msg[0m
[ 38%] [34m[1mGenerating Python from MSG robotino_msgs/SetGrapplerAxis[0m
[ 39%] [34m[1mGenerating Lisp code from robotino_msgs/SetBHAPressures.msg[0m
[ 41%] [34m[1mGenerating EusLisp code from robotino_msgs/MotorReadings.msg[0m
[ 42%] [34m[1mGenerating Javascript code from robotino_msgs/DigitalReadings.msg[0m
[ 43%] [34m[1mGenerating Lisp code from robotino_msgs/MotorReadings.msg[0m
[ 44%] [34m[1mGenerating Lisp code from robotino_msgs/BHAReadings.msg[0m
[ 46%] [34m[1mGenerating Javascript code from robotino_msgs/AnalogReadings.msg[0m
[ 47%] [34m[1mGenerating EusLisp code from robotino_msgs/BHAReadings.msg[0m
[ 48%] [34m[1mGenerating C++ code from robotino_msgs/GripperState.msg[0m
[ 50%] [34m[1mGenerating Lisp code from robotino_msgs/DigitalReadings.msg[0m
[ 51%] [34m[1mGenerating Python from MSG robotino_msgs/SetGrapplerAxes[0m
[ 52%] [34m[1mGenerating Python from MSG robotino_msgs/SetBHAPressures[0m
[ 55%] [34m[1mGenerating Javascript code from robotino_msgs/EncoderReadings.msg[0m
[ 55%] [34m[1mGenerating Lisp code from robotino_msgs/AnalogReadings.msg[0m
[ 56%] [34m[1mGenerating EusLisp code from robotino_msgs/DigitalReadings.msg[0m
[ 57%] [34m[1mGenerating EusLisp code from robotino_msgs/AnalogReadings.msg[0m
[ 58%] [34m[1mGenerating Javascript code from robotino_msgs/SetGripperState.srv[0m
[ 60%] [34m[1mGenerating Lisp code from robotino_msgs/EncoderReadings.msg[0m
[ 61%] [34m[1mGenerating Lisp code from robotino_msgs/SetGripperState.srv[0m
[ 62%] [34m[1mGenerating Python from MSG robotino_msgs/MotorReadings[0m
[ 64%] [34m[1mGenerating C++ code from robotino_msgs/SetGrapplerAxis.msg[0m
[ 65%] [34m[1mGenerating EusLisp code from robotino_msgs/EncoderReadings.msg[0m
[ 66%] [34m[1mGenerating Javascript code from robotino_msgs/ResetOdometry.srv[0m
[ 67%] [34m[1mGenerating Lisp code from robotino_msgs/ResetOdometry.srv[0m
[ 69%] [34m[1mGenerating C++ code from robotino_msgs/SetGrapplerAxes.msg[0m
[ 70%] [34m[1mGenerating Lisp code from robotino_msgs/SetEncoderPosition.srv[0m
[ 71%] [34m[1mGenerating Javascript code from robotino_msgs/SetEncoderPosition.srv[0m
[ 73%] [34m[1mGenerating C++ code from robotino_msgs/SetBHAPressures.msg[0m
[ 74%] [34m[1mGenerating EusLisp code from robotino_msgs/SetGripperState.srv[0m
[ 74%] Built target robotino_msgs_generate_messages_lisp
[ 75%] [34m[1mGenerating EusLisp code from robotino_msgs/ResetOdometry.srv[0m
[ 75%] Built target robotino_msgs_generate_messages_nodejs
[ 76%] [34m[1mGenerating Python from MSG robotino_msgs/BHAReadings[0m
[ 78%] [34m[1mGenerating EusLisp code from robotino_msgs/SetEncoderPosition.srv[0m
[ 79%] [34m[1mGenerating Python from MSG robotino_msgs/DigitalReadings[0m
[ 80%] [34m[1mGenerating Python from MSG robotino_msgs/AnalogReadings[0m
[ 82%] [34m[1mGenerating C++ code from robotino_msgs/MotorReadings.msg[0m
[ 83%] [34m[1mGenerating EusLisp manifest code for robotino_msgs[0m
[ 84%] [34m[1mGenerating C++ code from robotino_msgs/BHAReadings.msg[0m
[ 85%] [34m[1mGenerating C++ code from robotino_msgs/DigitalReadings.msg[0m
[ 87%] [34m[1mGenerating Python from MSG robotino_msgs/EncoderReadings[0m
[ 88%] [34m[1mGenerating C++ code from robotino_msgs/AnalogReadings.msg[0m
[ 89%] [34m[1mGenerating C++ code from robotino_msgs/EncoderReadings.msg[0m
[ 91%] [34m[1mGenerating Python code from SRV robotino_msgs/SetGripperState[0m
[ 92%] [34m[1mGenerating C++ code from robotino_msgs/SetGripperState.srv[0m
[ 93%] [34m[1mGenerating C++ code from robotino_msgs/ResetOdometry.srv[0m
[ 94%] [34m[1mGenerating C++ code from robotino_msgs/SetEncoderPosition.srv[0m
[ 96%] [34m[1mGenerating Python code from SRV robotino_msgs/ResetOdometry[0m
[ 97%] [34m[1mGenerating Python code from SRV robotino_msgs/SetEncoderPosition[0m
[ 98%] [34m[1mGenerating Python msg __init__.py for robotino_msgs[0m
[100%] [34m[1mGenerating Python srv __init__.py for robotino_msgs[0m
[100%] Built target robotino_msgs_generate_messages_py
[100%] Built target robotino_msgs_generate_messages_cpp
[100%] Built target robotino_msgs_generate_messages_eus
[35m[1mScanning dependencies of target robotino_msgs_generate_messages[0m
[100%] Built target robotino_msgs_generate_messages
