Symlinking /home/takashi/Desktop/catkin_festo2018/devel/lib/python2.7/dist-packages/robotino_msgs/__init__.py
Symlinking /home/takashi/Desktop/catkin_festo2018/devel/lib/python2.7/dist-packages/robotino_msgs/msg/_NorthStarReadings.py
Symlinking /home/takashi/Desktop/catkin_festo2018/devel/lib/python2.7/dist-packages/robotino_msgs/msg/_SetBHAPressures.py
Symlinking /home/takashi/Desktop/catkin_festo2018/devel/lib/python2.7/dist-packages/robotino_msgs/msg/_EncoderReadings.py
Symlinking /home/takashi/Desktop/catkin_festo2018/devel/lib/python2.7/dist-packages/robotino_msgs/msg/_GripperState.py
Symlinking /home/takashi/Desktop/catkin_festo2018/devel/lib/python2.7/dist-packages/robotino_msgs/msg/_PowerReadings.py
Symlinking /home/takashi/Desktop/catkin_festo2018/devel/lib/python2.7/dist-packages/robotino_msgs/msg/_GrapplerReadings.py
Symlinking /home/takashi/Desktop/catkin_festo2018/devel/lib/python2.7/dist-packages/robotino_msgs/msg/_AnalogReadings.py
Symlinking /home/takashi/Desktop/catkin_festo2018/devel/lib/python2.7/dist-packages/robotino_msgs/msg/_MotorReadings.py
Symlinking /home/takashi/Desktop/catkin_festo2018/devel/lib/python2.7/dist-packages/robotino_msgs/msg/_SetGrapplerAxes.py
Symlinking /home/takashi/Desktop/catkin_festo2018/devel/lib/python2.7/dist-packages/robotino_msgs/msg/__init__.py
Symlinking /home/takashi/Desktop/catkin_festo2018/devel/lib/python2.7/dist-packages/robotino_msgs/msg/_SetGrapplerAxis.py
Symlinking /home/takashi/Desktop/catkin_festo2018/devel/lib/python2.7/dist-packages/robotino_msgs/msg/_BHAReadings.py
Symlinking /home/takashi/Desktop/catkin_festo2018/devel/lib/python2.7/dist-packages/robotino_msgs/msg/_DigitalReadings.py
Symlinking /home/takashi/Desktop/catkin_festo2018/devel/lib/python2.7/dist-packages/robotino_msgs/srv/_ResetOdometry.py
Symlinking /home/takashi/Desktop/catkin_festo2018/devel/lib/python2.7/dist-packages/robotino_msgs/srv/_SetGripperState.py
Symlinking /home/takashi/Desktop/catkin_festo2018/devel/lib/python2.7/dist-packages/robotino_msgs/srv/_SetEncoderPosition.py
Symlinking /home/takashi/Desktop/catkin_festo2018/devel/lib/python2.7/dist-packages/robotino_msgs/srv/__init__.py
Symlinking /home/takashi/Desktop/catkin_festo2018/devel/lib/pkgconfig/robotino_msgs.pc
Symlinking /home/takashi/Desktop/catkin_festo2018/devel/include/robotino_msgs/SetGripperState.h
Symlinking /home/takashi/Desktop/catkin_festo2018/devel/include/robotino_msgs/SetEncoderPositionResponse.h
Symlinking /home/takashi/Desktop/catkin_festo2018/devel/include/robotino_msgs/GripperState.h
Symlinking /home/takashi/Desktop/catkin_festo2018/devel/include/robotino_msgs/NorthStarReadings.h
Symlinking /home/takashi/Desktop/catkin_festo2018/devel/include/robotino_msgs/SetGripperStateRequest.h
Symlinking /home/takashi/Desktop/catkin_festo2018/devel/include/robotino_msgs/SetGrapplerAxis.h
Symlinking /home/takashi/Desktop/catkin_festo2018/devel/include/robotino_msgs/SetGrapplerAxes.h
Symlinking /home/takashi/Desktop/catkin_festo2018/devel/include/robotino_msgs/SetEncoderPosition.h
Symlinking /home/takashi/Desktop/catkin_festo2018/devel/include/robotino_msgs/SetGripperStateResponse.h
Symlinking /home/takashi/Desktop/catkin_festo2018/devel/include/robotino_msgs/ResetOdometryResponse.h
Symlinking /home/takashi/Desktop/catkin_festo2018/devel/include/robotino_msgs/ResetOdometry.h
Symlinking /home/takashi/Desktop/catkin_festo2018/devel/include/robotino_msgs/SetEncoderPositionRequest.h
Symlinking /home/takashi/Desktop/catkin_festo2018/devel/include/robotino_msgs/MotorReadings.h
Symlinking /home/takashi/Desktop/catkin_festo2018/devel/include/robotino_msgs/SetBHAPressures.h
Symlinking /home/takashi/Desktop/catkin_festo2018/devel/include/robotino_msgs/DigitalReadings.h
Symlinking /home/takashi/Desktop/catkin_festo2018/devel/include/robotino_msgs/BHAReadings.h
Symlinking /home/takashi/Desktop/catkin_festo2018/devel/include/robotino_msgs/ResetOdometryRequest.h
Symlinking /home/takashi/Desktop/catkin_festo2018/devel/include/robotino_msgs/EncoderReadings.h
Symlinking /home/takashi/Desktop/catkin_festo2018/devel/include/robotino_msgs/AnalogReadings.h
Symlinking /home/takashi/Desktop/catkin_festo2018/devel/include/robotino_msgs/PowerReadings.h
Symlinking /home/takashi/Desktop/catkin_festo2018/devel/include/robotino_msgs/GrapplerReadings.h
Symlinking /home/takashi/Desktop/catkin_festo2018/devel/share/gennodejs/ros/robotino_msgs/_index.js
Symlinking /home/takashi/Desktop/catkin_festo2018/devel/share/gennodejs/ros/robotino_msgs/msg/NorthStarReadings.js
Symlinking /home/takashi/Desktop/catkin_festo2018/devel/share/gennodejs/ros/robotino_msgs/msg/SetGrapplerAxis.js
Symlinking /home/takashi/Desktop/catkin_festo2018/devel/share/gennodejs/ros/robotino_msgs/msg/EncoderReadings.js
Symlinking /home/takashi/Desktop/catkin_festo2018/devel/share/gennodejs/ros/robotino_msgs/msg/DigitalReadings.js
Symlinking /home/takashi/Desktop/catkin_festo2018/devel/share/gennodejs/ros/robotino_msgs/msg/PowerReadings.js
Symlinking /home/takashi/Desktop/catkin_festo2018/devel/share/gennodejs/ros/robotino_msgs/msg/AnalogReadings.js
Symlinking /home/takashi/Desktop/catkin_festo2018/devel/share/gennodejs/ros/robotino_msgs/msg/GripperState.js
Symlinking /home/takashi/Desktop/catkin_festo2018/devel/share/gennodejs/ros/robotino_msgs/msg/_index.js
Symlinking /home/takashi/Desktop/catkin_festo2018/devel/share/gennodejs/ros/robotino_msgs/msg/SetBHAPressures.js
Symlinking /home/takashi/Desktop/catkin_festo2018/devel/share/gennodejs/ros/robotino_msgs/msg/MotorReadings.js
Symlinking /home/takashi/Desktop/catkin_festo2018/devel/share/gennodejs/ros/robotino_msgs/msg/GrapplerReadings.js
Symlinking /home/takashi/Desktop/catkin_festo2018/devel/share/gennodejs/ros/robotino_msgs/msg/BHAReadings.js
Symlinking /home/takashi/Desktop/catkin_festo2018/devel/share/gennodejs/ros/robotino_msgs/msg/SetGrapplerAxes.js
Symlinking /home/takashi/Desktop/catkin_festo2018/devel/share/gennodejs/ros/robotino_msgs/srv/SetEncoderPosition.js
Symlinking /home/takashi/Desktop/catkin_festo2018/devel/share/gennodejs/ros/robotino_msgs/srv/ResetOdometry.js
Symlinking /home/takashi/Desktop/catkin_festo2018/devel/share/gennodejs/ros/robotino_msgs/srv/_index.js
Symlinking /home/takashi/Desktop/catkin_festo2018/devel/share/gennodejs/ros/robotino_msgs/srv/SetGripperState.js
Symlinking /home/takashi/Desktop/catkin_festo2018/devel/share/robotino_msgs/cmake/robotino_msgsConfig-version.cmake
Symlinking /home/takashi/Desktop/catkin_festo2018/devel/share/robotino_msgs/cmake/robotino_msgs-msg-paths.cmake
Symlinking /home/takashi/Desktop/catkin_festo2018/devel/share/robotino_msgs/cmake/robotino_msgs-msg-extras.cmake
Symlinking /home/takashi/Desktop/catkin_festo2018/devel/share/robotino_msgs/cmake/robotino_msgsConfig.cmake
Symlinking /home/takashi/Desktop/catkin_festo2018/devel/share/roseus/ros/robotino_msgs/manifest.l
Symlinking /home/takashi/Desktop/catkin_festo2018/devel/share/roseus/ros/robotino_msgs/msg/NorthStarReadings.l
Symlinking /home/takashi/Desktop/catkin_festo2018/devel/share/roseus/ros/robotino_msgs/msg/DigitalReadings.l
Symlinking /home/takashi/Desktop/catkin_festo2018/devel/share/roseus/ros/robotino_msgs/msg/EncoderReadings.l
Symlinking /home/takashi/Desktop/catkin_festo2018/devel/share/roseus/ros/robotino_msgs/msg/SetGrapplerAxes.l
Symlinking /home/takashi/Desktop/catkin_festo2018/devel/share/roseus/ros/robotino_msgs/msg/MotorReadings.l
Symlinking /home/takashi/Desktop/catkin_festo2018/devel/share/roseus/ros/robotino_msgs/msg/SetGrapplerAxis.l
Symlinking /home/takashi/Desktop/catkin_festo2018/devel/share/roseus/ros/robotino_msgs/msg/GripperState.l
Symlinking /home/takashi/Desktop/catkin_festo2018/devel/share/roseus/ros/robotino_msgs/msg/SetBHAPressures.l
Symlinking /home/takashi/Desktop/catkin_festo2018/devel/share/roseus/ros/robotino_msgs/msg/AnalogReadings.l
Symlinking /home/takashi/Desktop/catkin_festo2018/devel/share/roseus/ros/robotino_msgs/msg/BHAReadings.l
Symlinking /home/takashi/Desktop/catkin_festo2018/devel/share/roseus/ros/robotino_msgs/msg/PowerReadings.l
Symlinking /home/takashi/Desktop/catkin_festo2018/devel/share/roseus/ros/robotino_msgs/msg/GrapplerReadings.l
Symlinking /home/takashi/Desktop/catkin_festo2018/devel/share/roseus/ros/robotino_msgs/srv/SetEncoderPosition.l
Symlinking /home/takashi/Desktop/catkin_festo2018/devel/share/roseus/ros/robotino_msgs/srv/SetGripperState.l
Symlinking /home/takashi/Desktop/catkin_festo2018/devel/share/roseus/ros/robotino_msgs/srv/ResetOdometry.l
Symlinking /home/takashi/Desktop/catkin_festo2018/devel/share/common-lisp/ros/robotino_msgs/msg/SetGrapplerAxes.lisp
Symlinking /home/takashi/Desktop/catkin_festo2018/devel/share/common-lisp/ros/robotino_msgs/msg/_package.lisp
Symlinking /home/takashi/Desktop/catkin_festo2018/devel/share/common-lisp/ros/robotino_msgs/msg/_package_GripperState.lisp
Symlinking /home/takashi/Desktop/catkin_festo2018/devel/share/common-lisp/ros/robotino_msgs/msg/BHAReadings.lisp
Symlinking /home/takashi/Desktop/catkin_festo2018/devel/share/common-lisp/ros/robotino_msgs/msg/_package_GrapplerReadings.lisp
Symlinking /home/takashi/Desktop/catkin_festo2018/devel/share/common-lisp/ros/robotino_msgs/msg/_package_NorthStarReadings.lisp
Symlinking /home/takashi/Desktop/catkin_festo2018/devel/share/common-lisp/ros/robotino_msgs/msg/EncoderReadings.lisp
Symlinking /home/takashi/Desktop/catkin_festo2018/devel/share/common-lisp/ros/robotino_msgs/msg/GrapplerReadings.lisp
Symlinking /home/takashi/Desktop/catkin_festo2018/devel/share/common-lisp/ros/robotino_msgs/msg/SetBHAPressures.lisp
Symlinking /home/takashi/Desktop/catkin_festo2018/devel/share/common-lisp/ros/robotino_msgs/msg/SetGrapplerAxis.lisp
Symlinking /home/takashi/Desktop/catkin_festo2018/devel/share/common-lisp/ros/robotino_msgs/msg/AnalogReadings.lisp
Symlinking /home/takashi/Desktop/catkin_festo2018/devel/share/common-lisp/ros/robotino_msgs/msg/_package_SetGrapplerAxes.lisp
Symlinking /home/takashi/Desktop/catkin_festo2018/devel/share/common-lisp/ros/robotino_msgs/msg/NorthStarReadings.lisp
Symlinking /home/takashi/Desktop/catkin_festo2018/devel/share/common-lisp/ros/robotino_msgs/msg/GripperState.lisp
Symlinking /home/takashi/Desktop/catkin_festo2018/devel/share/common-lisp/ros/robotino_msgs/msg/_package_MotorReadings.lisp
Symlinking /home/takashi/Desktop/catkin_festo2018/devel/share/common-lisp/ros/robotino_msgs/msg/PowerReadings.lisp
Symlinking /home/takashi/Desktop/catkin_festo2018/devel/share/common-lisp/ros/robotino_msgs/msg/_package_PowerReadings.lisp
Symlinking /home/takashi/Desktop/catkin_festo2018/devel/share/common-lisp/ros/robotino_msgs/msg/_package_BHAReadings.lisp
Symlinking /home/takashi/Desktop/catkin_festo2018/devel/share/common-lisp/ros/robotino_msgs/msg/_package_EncoderReadings.lisp
Symlinking /home/takashi/Desktop/catkin_festo2018/devel/share/common-lisp/ros/robotino_msgs/msg/MotorReadings.lisp
Symlinking /home/takashi/Desktop/catkin_festo2018/devel/share/common-lisp/ros/robotino_msgs/msg/_package_DigitalReadings.lisp
Symlinking /home/takashi/Desktop/catkin_festo2018/devel/share/common-lisp/ros/robotino_msgs/msg/robotino_msgs-msg.asd
Symlinking /home/takashi/Desktop/catkin_festo2018/devel/share/common-lisp/ros/robotino_msgs/msg/DigitalReadings.lisp
Symlinking /home/takashi/Desktop/catkin_festo2018/devel/share/common-lisp/ros/robotino_msgs/msg/_package_SetBHAPressures.lisp
Symlinking /home/takashi/Desktop/catkin_festo2018/devel/share/common-lisp/ros/robotino_msgs/msg/_package_AnalogReadings.lisp
Symlinking /home/takashi/Desktop/catkin_festo2018/devel/share/common-lisp/ros/robotino_msgs/msg/_package_SetGrapplerAxis.lisp
Symlinking /home/takashi/Desktop/catkin_festo2018/devel/share/common-lisp/ros/robotino_msgs/srv/_package_SetGripperState.lisp
Symlinking /home/takashi/Desktop/catkin_festo2018/devel/share/common-lisp/ros/robotino_msgs/srv/_package.lisp
Symlinking /home/takashi/Desktop/catkin_festo2018/devel/share/common-lisp/ros/robotino_msgs/srv/SetEncoderPosition.lisp
Symlinking /home/takashi/Desktop/catkin_festo2018/devel/share/common-lisp/ros/robotino_msgs/srv/_package_ResetOdometry.lisp
Symlinking /home/takashi/Desktop/catkin_festo2018/devel/share/common-lisp/ros/robotino_msgs/srv/SetGripperState.lisp
Symlinking /home/takashi/Desktop/catkin_festo2018/devel/share/common-lisp/ros/robotino_msgs/srv/_package_SetEncoderPosition.lisp
Symlinking /home/takashi/Desktop/catkin_festo2018/devel/share/common-lisp/ros/robotino_msgs/srv/ResetOdometry.lisp
Symlinking /home/takashi/Desktop/catkin_festo2018/devel/share/common-lisp/ros/robotino_msgs/srv/robotino_msgs-srv.asd
