[01m[K/home/gabriel/meucantinho/src/hello_world/src/ouvinte.cpp:12:1:[m[K [01;31m[Kerror: [m[Kexpected unqualified-id before ‘[01m[K{[m[K’ token
 {
[01;32m[K ^[m[K
[01m[K/home/gabriel/meucantinho/src/hello_world/src/tagarela.cpp:[m[K In function ‘[01m[Kint main(int, char**)[m[K’:
[01m[K/home/gabriel/meucantinho/src/hello_world/src/tagarela.cpp:21:20:[m[K [01;35m[Kwarning: [m[Kextended initializer lists only available with -std=c++11 or -std=gnu++11
   std::string info {"Blah blah blah! " + std::to_string(cont++)};
[01;32m[K                    ^[m[K
[01m[K/home/gabriel/meucantinho/src/hello_world/src/tagarela.cpp:21:42:[m[K [01;31m[Kerror: [m[K‘[01m[Kto_string[m[K’ is not a member of ‘[01m[Kstd[m[K’
   std::string info {"Blah blah blah! " + std::to_string(cont++)};
[01;32m[K                                          ^[m[K
[01m[K/home/gabriel/meucantinho/src/hello_world/src/tagarela.cpp:21:64:[m[K [01;31m[Kerror: [m[Kin C++98 ‘[01m[Kinfo[m[K’ must be initialized by constructor, not by ‘[01m[K{...}[m[K’
   std::string info {"Blah blah blah! " + std::to_string(cont++)};
[01;32m[K                                                                ^[m[K
[01m[K/home/gabriel/meucantinho/src/hello_world/src/tagarela.cpp:21:64:[m[K [01;31m[Kerror: [m[Kno matching function for call to ‘[01m[Kstd::__cxx11::basic_string<char>::basic_string(<brace-enclosed initializer list>)[m[K’
In file included from [01m[K/usr/include/c++/5/string:52:0[m[K,
                 from [01m[K/opt/ros/kinetic/include/ros/platform.h:55[m[K,
                 from [01m[K/opt/ros/kinetic/include/ros/time.h:53[m[K,
                 from [01m[K/opt/ros/kinetic/include/ros/ros.h:38[m[K,
                 from [01m[K/home/gabriel/meucantinho/src/hello_world/src/tagarela.cpp:1[m[K:
[01m[K/usr/include/c++/5/bits/basic_string.h:534:9:[m[K [01;36m[Knote: [m[Kcandidate: template<class _InputIterator> std::__cxx11::basic_string<_CharT, _Traits, _Alloc>::basic_string(_InputIterator, _InputIterator, const _Alloc&)
         basic_string(_InputIterator __beg, _InputIterator __end,
[01;32m[K         ^[m[K
[01m[K/usr/include/c++/5/bits/basic_string.h:534:9:[m[K [01;36m[Knote: [m[K  template argument deduction/substitution failed:
[01m[K/usr/include/c++/5/bits/basic_string.h:464:7:[m[K [01;36m[Knote: [m[Kcandidate: std::__cxx11::basic_string<_CharT, _Traits, _Alloc>::basic_string(std::__cxx11::basic_string<_CharT, _Traits, _Alloc>::size_type, _CharT, const _Alloc&) [with _CharT = char; _Traits = std::char_traits<char>; _Alloc = std::allocator<char>; std::__cxx11::basic_string<_CharT, _Traits, _Alloc>::size_type = long unsigned int]
       basic_string(size_type __n, _CharT __c, const _Alloc& __a = _Alloc())
[01;32m[K       ^[m[K
[01m[K/usr/include/c++/5/bits/basic_string.h:464:7:[m[K [01;36m[Knote: [m[K  candidate expects 3 arguments, 1 provided
[01m[K/usr/include/c++/5/bits/basic_string.h:454:7:[m[K [01;36m[Knote: [m[Kcandidate: std::__cxx11::basic_string<_CharT, _Traits, _Alloc>::basic_string(const _CharT*, const _Alloc&) [with _CharT = char; _Traits = std::char_traits<char>; _Alloc = std::allocator<char>]
       basic_string(const _CharT* __s, const _Alloc& __a = _Alloc())
[01;32m[K       ^[m[K
[01m[K/usr/include/c++/5/bits/basic_string.h:454:7:[m[K [01;36m[Knote: [m[K  conversion of argument 1 would be ill-formed:
[01m[K/usr/include/c++/5/bits/basic_string.h:444:7:[m[K [01;36m[Knote: [m[Kcandidate: std::__cxx11::basic_string<_CharT, _Traits, _Alloc>::basic_string(const _CharT*, std::__cxx11::basic_string<_CharT, _Traits, _Alloc>::size_type, const _Alloc&) [with _CharT = char; _Traits = std::char_traits<char>; _Alloc = std::allocator<char>; std::__cxx11::basic_string<_CharT, _Traits, _Alloc>::size_type = long unsigned int]
       basic_string(const _CharT* __s, size_type __n,
[01;32m[K       ^[m[K
[01m[K/usr/include/c++/5/bits/basic_string.h:444:7:[m[K [01;36m[Knote: [m[K  candidate expects 3 arguments, 1 provided
[01m[K/usr/include/c++/5/bits/basic_string.h:426:7:[m[K [01;36m[Knote: [m[Kcandidate: std::__cxx11::basic_string<_CharT, _Traits, _Alloc>::basic_string(const std::__cxx11::basic_string<_CharT, _Traits, _Alloc>&, std::__cxx11::basic_string<_CharT, _Traits, _Alloc>::size_type, std::__cxx11::basic_string<_CharT, _Traits, _Alloc>::size_type, const _Alloc&) [with _CharT = char; _Traits = std::char_traits<char>; _Alloc = std::allocator<char>; std::__cxx11::basic_string<_CharT, _Traits, _Alloc>::size_type = long unsigned int]
       basic_string(const basic_string& __str, size_type __pos,
[01;32m[K       ^[m[K
[01m[K/usr/include/c++/5/bits/basic_string.h:426:7:[m[K [01;36m[Knote: [m[K  candidate expects 4 arguments, 1 provided
[01m[K/usr/include/c++/5/bits/basic_string.h:410:7:[m[K [01;36m[Knote: [m[Kcandidate: std::__cxx11::basic_string<_CharT, _Traits, _Alloc>::basic_string(const std::__cxx11::basic_string<_CharT, _Traits, _Alloc>&, std::__cxx11::basic_string<_CharT, _Traits, _Alloc>::size_type, std::__cxx11::basic_string<_CharT, _Traits, _Alloc>::size_type) [with _CharT = char; _Traits = std::char_traits<char>; _Alloc = std::allocator<char>; std::__cxx11::basic_string<_CharT, _Traits, _Alloc>::size_type = long unsigned int]
       basic_string(const basic_string& __str, size_type __pos,
[01;32m[K       ^[m[K
[01m[K/usr/include/c++/5/bits/basic_string.h:410:7:[m[K [01;36m[Knote: [m[K  candidate expects 3 arguments, 1 provided
[01m[K/usr/include/c++/5/bits/basic_string.h:398:7:[m[K [01;36m[Knote: [m[Kcandidate: std::__cxx11::basic_string<_CharT, _Traits, _Alloc>::basic_string(const std::__cxx11::basic_string<_CharT, _Traits, _Alloc>&) [with _CharT = char; _Traits = std::char_traits<char>; _Alloc = std::allocator<char>]
       basic_string(const basic_string& __str)
[01;32m[K       ^[m[K
[01m[K/usr/include/c++/5/bits/basic_string.h:398:7:[m[K [01;36m[Knote: [m[K  conversion of argument 1 would be ill-formed:
[01m[K/usr/include/c++/5/bits/basic_string.h:390:7:[m[K [01;36m[Knote: [m[Kcandidate: std::__cxx11::basic_string<_CharT, _Traits, _Alloc>::basic_string(const _Alloc&) [with _CharT = char; _Traits = std::char_traits<char>; _Alloc = std::allocator<char>]
       basic_string(const _Alloc& __a)
[01;32m[K       ^[m[K
[01m[K/usr/include/c++/5/bits/basic_string.h:390:7:[m[K [01;36m[Knote: [m[K  conversion of argument 1 would be ill-formed:
[01m[K/usr/include/c++/5/bits/basic_string.h:379:7:[m[K [01;36m[Knote: [m[Kcandidate: std::__cxx11::basic_string<_CharT, _Traits, _Alloc>::basic_string() [with _CharT = char; _Traits = std::char_traits<char>; _Alloc = std::allocator<char>]
       basic_string()
[01;32m[K       ^[m[K
[01m[K/usr/include/c++/5/bits/basic_string.h:379:7:[m[K [01;36m[Knote: [m[K  candidate expects 0 arguments, 1 provided
[01m[K/home/gabriel/meucantinho/src/hello_world/src/tagarela.cpp:28:3:[m[K [01;31m[Kerror: [m[K‘[01m[Kloop_rate[m[K’ was not declared in this scope
   loop_rate.sleep();
[01;32m[K   ^[m[K
make[2]: *** [CMakeFiles/ouvinte_node.dir/src/ouvinte.cpp.o] Error 1
make[1]: *** [CMakeFiles/ouvinte_node.dir/all] Error 2
make[1]: *** Waiting for unfinished jobs....
make[2]: *** [CMakeFiles/tagarela_node.dir/src/tagarela.cpp.o] Error 1
make[1]: *** [CMakeFiles/tagarela_node.dir/all] Error 2
make: *** [all] Error 2
