[01m[K/home/gabriel/meucantinho/src/hello_world/src/desvia.cpp:15:16:[m[K [01;31m[Kerror: [m[K‘[01m[KPoit32[m[K’ in namespace ‘[01m[Kgeometry_msgs[m[K’ does not name a type
 geometry_msgs::Poit32[] distancia;
[01;32m[K                ^[m[K
[01m[K/home/gabriel/meucantinho/src/hello_world/src/desvia.cpp:17:60:[m[K [01;31m[Kerror: [m[K‘[01m[Kn[m[K’ has not been declared
 void dist(const sensor_msgs::PointCloud::ConstPtr& sensor, n){
[01;32m[K                                                            ^[m[K
[01m[K/home/gabriel/meucantinho/src/hello_world/src/desvia.cpp:[m[K In function ‘[01m[Kvoid dist(const ConstPtr&, int)[m[K’:
[01m[K/home/gabriel/meucantinho/src/hello_world/src/desvia.cpp:18:2:[m[K [01;31m[Kerror: [m[K‘[01m[Kdistancia[m[K’ was not declared in this scope
  distancia = dist.poits;
[01;32m[K  ^[m[K
[01m[K/home/gabriel/meucantinho/src/hello_world/src/desvia.cpp:18:19:[m[K [01;31m[Kerror: [m[Krequest for member ‘[01m[Kpoits[m[K’ in ‘[01m[Kdist[m[K’, which is of non-class type ‘[01m[Kvoid(const ConstPtr&, int) {aka void(const boost::shared_ptr<const sensor_msgs::PointCloud_<std::allocator<void> > >&, int)}[m[K’
  distancia = dist.poits;
[01;32m[K                   ^[m[K
[01m[K/home/gabriel/meucantinho/src/hello_world/src/desvia.cpp:[m[K At global scope:
[01m[K/home/gabriel/meucantinho/src/hello_world/src/desvia.cpp:21:5:[m[K [01;35m[Kwarning: [m[Ksecond argument of ‘[01m[Kint main(int, char***)[m[K’ should be ‘[01m[Kchar **[m[K’ [-Wmain]
 int main(int argc, char **argv[]){
[01;32m[K     ^[m[K
[01m[K/home/gabriel/meucantinho/src/hello_world/src/desvia.cpp:[m[K In function ‘[01m[Kint main(int, char***)[m[K’:
[01m[K/home/gabriel/meucantinho/src/hello_world/src/desvia.cpp:22:32:[m[K [01;31m[Kerror: [m[Kno matching function for call to ‘[01m[Kinit(int&, char***&, const char [7])[m[K’
  ros::init(argc, argv, "desvia");
[01;32m[K                                ^[m[K
In file included from [01m[K/opt/ros/kinetic/include/ros/node_handle.h:47:0[m[K,
                 from [01m[K/opt/ros/kinetic/include/ros/ros.h:45[m[K,
                 from [01m[K/home/gabriel/meucantinho/src/hello_world/src/desvia.cpp:1[m[K:
[01m[K/opt/ros/kinetic/include/ros/init.h:83:18:[m[K [01;36m[Knote: [m[Kcandidate: void ros::init(int&, char**, const string&, uint32_t)
 ROSCPP_DECL void init(int &argc, char **argv, const std::string& name, uint32_t options = 0);
[01;32m[K                  ^[m[K
[01m[K/opt/ros/kinetic/include/ros/init.h:83:18:[m[K [01;36m[Knote: [m[K  no known conversion for argument 2 from ‘[01m[Kchar***[m[K’ to ‘[01m[Kchar**[m[K’
In file included from [01m[K/opt/ros/kinetic/include/ros/node_handle.h:47:0[m[K,
                 from [01m[K/opt/ros/kinetic/include/ros/ros.h:45[m[K,
                 from [01m[K/home/gabriel/meucantinho/src/hello_world/src/desvia.cpp:1[m[K:
[01m[K/opt/ros/kinetic/include/ros/init.h:93:18:[m[K [01;36m[Knote: [m[Kcandidate: void ros::init(const M_string&, const string&, uint32_t)
 ROSCPP_DECL void init(const M_string& remappings, const std::string& name, uint32_t options = 0);
[01;32m[K                  ^[m[K
[01m[K/opt/ros/kinetic/include/ros/init.h:93:18:[m[K [01;36m[Knote: [m[K  no known conversion for argument 1 from ‘[01m[Kint[m[K’ to ‘[01m[Kconst M_string& {aka const std::map<std::__cxx11::basic_string<char>, std::__cxx11::basic_string<char> >&}[m[K’
[01m[K/opt/ros/kinetic/include/ros/init.h:103:18:[m[K [01;36m[Knote: [m[Kcandidate: void ros::init(const VP_string&, const string&, uint32_t)
 ROSCPP_DECL void init(const VP_string& remapping_args, const std::string& name, uint32_t options = 0);
[01;32m[K                  ^[m[K
[01m[K/opt/ros/kinetic/include/ros/init.h:103:18:[m[K [01;36m[Knote: [m[K  no known conversion for argument 1 from ‘[01m[Kint[m[K’ to ‘[01m[Kconst VP_string& {aka const std::vector<std::pair<std::__cxx11::basic_string<char>, std::__cxx11::basic_string<char> > >&}[m[K’
[01m[K/home/gabriel/meucantinho/src/hello_world/src/desvia.cpp:27:47:[m[K [01;31m[Kerror: [m[K‘[01m[KString[m[K’ is not a member of ‘[01m[Kstd_msgs[m[K’
  ros::Publisher chat_publisher = nh.advertise<std_msgs::String>("cmd_vel", 1000);
[01;32m[K                                               ^[m[K
[01m[K/home/gabriel/meucantinho/src/hello_world/src/desvia.cpp:27:47:[m[K [01;31m[Kerror: [m[K‘[01m[KString[m[K’ is not a member of ‘[01m[Kstd_msgs[m[K’
[01m[K/home/gabriel/meucantinho/src/hello_world/src/desvia.cpp:27:80:[m[K [01;31m[Kerror: [m[Kno matching function for call to ‘[01m[Kros::NodeHandle::advertise(const char [8], int)[m[K’
  ros::Publisher chat_publisher = nh.advertise<std_msgs::String>("cmd_vel", 1000);
[01;32m[K                                                                                ^[m[K
In file included from [01m[K/opt/ros/kinetic/include/ros/ros.h:45:0[m[K,
                 from [01m[K/home/gabriel/meucantinho/src/hello_world/src/desvia.cpp:1[m[K:
[01m[K/opt/ros/kinetic/include/ros/node_handle.h:249:15:[m[K [01;36m[Knote: [m[Kcandidate: template<class M> ros::Publisher ros::NodeHandle::advertise(const string&, uint32_t, bool)
     Publisher advertise(const std::string& topic, uint32_t queue_size, bool latch = false)
[01;32m[K               ^[m[K
[01m[K/opt/ros/kinetic/include/ros/node_handle.h:249:15:[m[K [01;36m[Knote: [m[K  template argument deduction/substitution failed:
[01m[K/home/gabriel/meucantinho/src/hello_world/src/desvia.cpp:27:80:[m[K [01;31m[Kerror: [m[Ktemplate argument 1 is invalid
  ros::Publisher chat_publisher = nh.advertise<std_msgs::String>("cmd_vel", 1000);
[01;32m[K                                                                                ^[m[K
In file included from [01m[K/opt/ros/kinetic/include/ros/ros.h:45:0[m[K,
                 from [01m[K/home/gabriel/meucantinho/src/hello_world/src/desvia.cpp:1[m[K:
[01m[K/opt/ros/kinetic/include/ros/node_handle.h:315:13:[m[K [01;36m[Knote: [m[Kcandidate: template<class M> ros::Publisher ros::NodeHandle::advertise(const string&, uint32_t, const SubscriberStatusCallback&, const SubscriberStatusCallback&, const VoidConstPtr&, bool)
   Publisher advertise(const std::string& topic, uint32_t queue_size,
[01;32m[K             ^[m[K
[01m[K/opt/ros/kinetic/include/ros/node_handle.h:315:13:[m[K [01;36m[Knote: [m[K  template argument deduction/substitution failed:
[01m[K/home/gabriel/meucantinho/src/hello_world/src/desvia.cpp:27:80:[m[K [01;31m[Kerror: [m[Ktemplate argument 1 is invalid
  ros::Publisher chat_publisher = nh.advertise<std_msgs::String>("cmd_vel", 1000);
[01;32m[K                                                                                ^[m[K
[01m[K/home/gabriel/meucantinho/src/hello_world/src/desvia.cpp:33:68:[m[K [01;31m[Kerror: [m[Kno matching function for call to ‘[01m[Kros::NodeHandle::subscribe(const char [17], int, void (&)(const ConstPtr&, int))[m[K’
   ros::Subscriber sub = nh.subscribe("distance_sensors", 1000, dist);
[01;32m[K                                                                    ^[m[K
In file included from [01m[K/opt/ros/kinetic/include/ros/ros.h:45:0[m[K,
                 from [01m[K/home/gabriel/meucantinho/src/hello_world/src/desvia.cpp:1[m[K:
[01m[K/opt/ros/kinetic/include/ros/node_handle.h:402:14:[m[K [01;36m[Knote: [m[Kcandidate: template<class M, class T> ros::Subscriber ros::NodeHandle::subscribe(const string&, uint32_t, void (T::*)(M), T*, const ros::TransportHints&)
   Subscriber subscribe(const std::string& topic, uint32_t queue_size, void(T::*fp)(M), T* obj, 
[01;32m[K              ^[m[K
[01m[K/opt/ros/kinetic/include/ros/node_handle.h:402:14:[m[K [01;36m[Knote: [m[K  template argument deduction/substitution failed:
[01m[K/home/gabriel/meucantinho/src/hello_world/src/desvia.cpp:33:68:[m[K [01;36m[Knote: [m[K  mismatched types ‘[01m[Kvoid (T::*)(M)[m[K’ and ‘[01m[Kvoid (*)(const ConstPtr&, int) {aka void (*)(const boost::shared_ptr<const sensor_msgs::PointCloud_<std::allocator<void> > >&, int)}[m[K’
   ros::Subscriber sub = nh.subscribe("distance_sensors", 1000, dist);
[01;32m[K                                                                    ^[m[K
In file included from [01m[K/opt/ros/kinetic/include/ros/ros.h:45:0[m[K,
                 from [01m[K/home/gabriel/meucantinho/src/hello_world/src/desvia.cpp:1[m[K:
[01m[K/opt/ros/kinetic/include/ros/node_handle.h:413:14:[m[K [01;36m[Knote: [m[Kcandidate: template<class M, class T> ros::Subscriber ros::NodeHandle::subscribe(const string&, uint32_t, void (T::*)(M) const, T*, const ros::TransportHints&)
   Subscriber subscribe(const std::string& topic, uint32_t queue_size, void(T::*fp)(M) const, T* obj, 
[01;32m[K              ^[m[K
[01m[K/opt/ros/kinetic/include/ros/node_handle.h:413:14:[m[K [01;36m[Knote: [m[K  template argument deduction/substitution failed:
[01m[K/home/gabriel/meucantinho/src/hello_world/src/desvia.cpp:33:68:[m[K [01;36m[Knote: [m[K  mismatched types ‘[01m[Kvoid (T::*)(M) const[m[K’ and ‘[01m[Kvoid (*)(const ConstPtr&, int) {aka void (*)(const boost::shared_ptr<const sensor_msgs::PointCloud_<std::allocator<void> > >&, int)}[m[K’
   ros::Subscriber sub = nh.subscribe("distance_sensors", 1000, dist);
[01;32m[K                                                                    ^[m[K
In file included from [01m[K/opt/ros/kinetic/include/ros/ros.h:45:0[m[K,
                 from [01m[K/home/gabriel/meucantinho/src/hello_world/src/desvia.cpp:1[m[K:
[01m[K/opt/ros/kinetic/include/ros/node_handle.h:465:14:[m[K [01;36m[Knote: [m[Kcandidate: template<class M, class T> ros::Subscriber ros::NodeHandle::subscribe(const string&, uint32_t, void (T::*)(const boost::shared_ptr<const M>&), T*, const ros::TransportHints&)
   Subscriber subscribe(const std::string& topic, uint32_t queue_size, 
[01;32m[K              ^[m[K
[01m[K/opt/ros/kinetic/include/ros/node_handle.h:465:14:[m[K [01;36m[Knote: [m[K  template argument deduction/substitution failed:
[01m[K/home/gabriel/meucantinho/src/hello_world/src/desvia.cpp:33:68:[m[K [01;36m[Knote: [m[K  mismatched types ‘[01m[Kvoid (T::*)(const boost::shared_ptr<const M>&)[m[K’ and ‘[01m[Kvoid (*)(const ConstPtr&, int) {aka void (*)(const boost::shared_ptr<const sensor_msgs::PointCloud_<std::allocator<void> > >&, int)}[m[K’
   ros::Subscriber sub = nh.subscribe("distance_sensors", 1000, dist);
[01;32m[K                                                                    ^[m[K
In file included from [01m[K/opt/ros/kinetic/include/ros/ros.h:45:0[m[K,
                 from [01m[K/home/gabriel/meucantinho/src/hello_world/src/desvia.cpp:1[m[K:
[01m[K/opt/ros/kinetic/include/ros/node_handle.h:475:14:[m[K [01;36m[Knote: [m[Kcandidate: template<class M, class T> ros::Subscriber ros::NodeHandle::subscribe(const string&, uint32_t, void (T::*)(const boost::shared_ptr<const M>&) const, T*, const ros::TransportHints&)
   Subscriber subscribe(const std::string& topic, uint32_t queue_size, 
[01;32m[K              ^[m[K
[01m[K/opt/ros/kinetic/include/ros/node_handle.h:475:14:[m[K [01;36m[Knote: [m[K  template argument deduction/substitution failed:
[01m[K/home/gabriel/meucantinho/src/hello_world/src/desvia.cpp:33:68:[m[K [01;36m[Knote: [m[K  mismatched types ‘[01m[Kvoid (T::*)(const boost::shared_ptr<const M>&) const[m[K’ and ‘[01m[Kvoid (*)(const ConstPtr&, int) {aka void (*)(const boost::shared_ptr<const sensor_msgs::PointCloud_<std::allocator<void> > >&, int)}[m[K’
   ros::Subscriber sub = nh.subscribe("distance_sensors", 1000, dist);
[01;32m[K                                                                    ^[m[K
In file included from [01m[K/opt/ros/kinetic/include/ros/ros.h:45:0[m[K,
                 from [01m[K/home/gabriel/meucantinho/src/hello_world/src/desvia.cpp:1[m[K:
[01m[K/opt/ros/kinetic/include/ros/node_handle.h:529:14:[m[K [01;36m[Knote: [m[Kcandidate: template<class M, class T> ros::Subscriber ros::NodeHandle::subscribe(const string&, uint32_t, void (T::*)(M), const boost::shared_ptr<U>&, const ros::TransportHints&)
   Subscriber subscribe(const std::string& topic, uint32_t queue_size, void(T::*fp)(M), 
[01;32m[K              ^[m[K
[01m[K/opt/ros/kinetic/include/ros/node_handle.h:529:14:[m[K [01;36m[Knote: [m[K  template argument deduction/substitution failed:
[01m[K/home/gabriel/meucantinho/src/hello_world/src/desvia.cpp:33:68:[m[K [01;36m[Knote: [m[K  mismatched types ‘[01m[Kvoid (T::*)(M)[m[K’ and ‘[01m[Kvoid (*)(const ConstPtr&, int) {aka void (*)(const boost::shared_ptr<const sensor_msgs::PointCloud_<std::allocator<void> > >&, int)}[m[K’
   ros::Subscriber sub = nh.subscribe("distance_sensors", 1000, dist);
[01;32m[K                                                                    ^[m[K
In file included from [01m[K/opt/ros/kinetic/include/ros/ros.h:45:0[m[K,
                 from [01m[K/home/gabriel/meucantinho/src/hello_world/src/desvia.cpp:1[m[K:
[01m[K/opt/ros/kinetic/include/ros/node_handle.h:540:14:[m[K [01;36m[Knote: [m[Kcandidate: template<class M, class T> ros::Subscriber ros::NodeHandle::subscribe(const string&, uint32_t, void (T::*)(M) const, const boost::shared_ptr<U>&, const ros::TransportHints&)
   Subscriber subscribe(const std::string& topic, uint32_t queue_size, void(T::*fp)(M) const, 
[01;32m[K              ^[m[K
[01m[K/opt/ros/kinetic/include/ros/node_handle.h:540:14:[m[K [01;36m[Knote: [m[K  template argument deduction/substitution failed:
[01m[K/home/gabriel/meucantinho/src/hello_world/src/desvia.cpp:33:68:[m[K [01;36m[Knote: [m[K  mismatched types ‘[01m[Kvoid (T::*)(M) const[m[K’ and ‘[01m[Kvoid (*)(const ConstPtr&, int) {aka void (*)(const boost::shared_ptr<const sensor_msgs::PointCloud_<std::allocator<void> > >&, int)}[m[K’
   ros::Subscriber sub = nh.subscribe("distance_sensors", 1000, dist);
[01;32m[K                                                                    ^[m[K
In file included from [01m[K/opt/ros/kinetic/include/ros/ros.h:45:0[m[K,
                 from [01m[K/home/gabriel/meucantinho/src/hello_world/src/desvia.cpp:1[m[K:
[01m[K/opt/ros/kinetic/include/ros/node_handle.h:594:14:[m[K [01;36m[Knote: [m[Kcandidate: template<class M, class T> ros::Subscriber ros::NodeHandle::subscribe(const string&, uint32_t, void (T::*)(const boost::shared_ptr<const M>&), const boost::shared_ptr<U>&, const ros::TransportHints&)
   Subscriber subscribe(const std::string& topic, uint32_t queue_size, 
[01;32m[K              ^[m[K
[01m[K/opt/ros/kinetic/include/ros/node_handle.h:594:14:[m[K [01;36m[Knote: [m[K  template argument deduction/substitution failed:
[01m[K/home/gabriel/meucantinho/src/hello_world/src/desvia.cpp:33:68:[m[K [01;36m[Knote: [m[K  mismatched types ‘[01m[Kvoid (T::*)(const boost::shared_ptr<const M>&)[m[K’ and ‘[01m[Kvoid (*)(const ConstPtr&, int) {aka void (*)(const boost::shared_ptr<const sensor_msgs::PointCloud_<std::allocator<void> > >&, int)}[m[K’
   ros::Subscriber sub = nh.subscribe("distance_sensors", 1000, dist);
[01;32m[K                                                                    ^[m[K
In file included from [01m[K/opt/ros/kinetic/include/ros/ros.h:45:0[m[K,
                 from [01m[K/home/gabriel/meucantinho/src/hello_world/src/desvia.cpp:1[m[K:
[01m[K/opt/ros/kinetic/include/ros/node_handle.h:605:14:[m[K [01;36m[Knote: [m[Kcandidate: template<class M, class T> ros::Subscriber ros::NodeHandle::subscribe(const string&, uint32_t, void (T::*)(const boost::shared_ptr<const M>&) const, const boost::shared_ptr<U>&, const ros::TransportHints&)
   Subscriber subscribe(const std::string& topic, uint32_t queue_size, 
[01;32m[K              ^[m[K
[01m[K/opt/ros/kinetic/include/ros/node_handle.h:605:14:[m[K [01;36m[Knote: [m[K  template argument deduction/substitution failed:
[01m[K/home/gabriel/meucantinho/src/hello_world/src/desvia.cpp:33:68:[m[K [01;36m[Knote: [m[K  mismatched types ‘[01m[Kvoid (T::*)(const boost::shared_ptr<const M>&) const[m[K’ and ‘[01m[Kvoid (*)(const ConstPtr&, int) {aka void (*)(const boost::shared_ptr<const sensor_msgs::PointCloud_<std::allocator<void> > >&, int)}[m[K’
   ros::Subscriber sub = nh.subscribe("distance_sensors", 1000, dist);
[01;32m[K                                                                    ^[m[K
In file included from [01m[K/opt/ros/kinetic/include/ros/ros.h:45:0[m[K,
                 from [01m[K/home/gabriel/meucantinho/src/hello_world/src/desvia.cpp:1[m[K:
[01m[K/opt/ros/kinetic/include/ros/node_handle.h:656:14:[m[K [01;36m[Knote: [m[Kcandidate: template<class M> ros::Subscriber ros::NodeHandle::subscribe(const string&, uint32_t, void (*)(M), const ros::TransportHints&)
   Subscriber subscribe(const std::string& topic, uint32_t queue_size, void(*fp)(M), const TransportHints& transport_hints = TransportHints())
[01;32m[K              ^[m[K
[01m[K/opt/ros/kinetic/include/ros/node_handle.h:656:14:[m[K [01;36m[Knote: [m[K  template argument deduction/substitution failed:
[01m[K/home/gabriel/meucantinho/src/hello_world/src/desvia.cpp:33:68:[m[K [01;36m[Knote: [m[K  candidate expects 1 argument, 2 provided
   ros::Subscriber sub = nh.subscribe("distance_sensors", 1000, dist);
[01;32m[K                                                                    ^[m[K
In file included from [01m[K/opt/ros/kinetic/include/ros/ros.h:45:0[m[K,
                 from [01m[K/home/gabriel/meucantinho/src/hello_world/src/desvia.cpp:1[m[K:
[01m[K/opt/ros/kinetic/include/ros/node_handle.h:704:14:[m[K [01;36m[Knote: [m[Kcandidate: template<class M> ros::Subscriber ros::NodeHandle::subscribe(const string&, uint32_t, void (*)(const boost::shared_ptr<const M>&), const ros::TransportHints&)
   Subscriber subscribe(const std::string& topic, uint32_t queue_size, void(*fp)(const boost::shared_ptr<M const>&), const TransportHints& transport_hints = TransportHints())
[01;32m[K              ^[m[K
[01m[K/opt/ros/kinetic/include/ros/node_handle.h:704:14:[m[K [01;36m[Knote: [m[K  template argument deduction/substitution failed:
[01m[K/home/gabriel/meucantinho/src/hello_world/src/desvia.cpp:33:68:[m[K [01;36m[Knote: [m[K  candidate expects 1 argument, 2 provided
   ros::Subscriber sub = nh.subscribe("distance_sensors", 1000, dist);
[01;32m[K                                                                    ^[m[K
In file included from [01m[K/opt/ros/kinetic/include/ros/ros.h:45:0[m[K,
                 from [01m[K/home/gabriel/meucantinho/src/hello_world/src/desvia.cpp:1[m[K:
[01m[K/opt/ros/kinetic/include/ros/node_handle.h:750:14:[m[K [01;36m[Knote: [m[Kcandidate: template<class M> ros::Subscriber ros::NodeHandle::subscribe(const string&, uint32_t, const boost::function<void(const boost::shared_ptr<const M>&)>&, const VoidConstPtr&, const ros::TransportHints&)
   Subscriber subscribe(const std::string& topic, uint32_t queue_size, const boost::function<void (const boost::shared_ptr<M const>&)>& callback,
[01;32m[K              ^[m[K
[01m[K/opt/ros/kinetic/include/ros/node_handle.h:750:14:[m[K [01;36m[Knote: [m[K  template argument deduction/substitution failed:
[01m[K/home/gabriel/meucantinho/src/hello_world/src/desvia.cpp:33:68:[m[K [01;36m[Knote: [m[K  mismatched types ‘[01m[Kconst boost::function<void(const boost::shared_ptr<const M>&)>[m[K’ and ‘[01m[Kvoid(const ConstPtr&, int) {aka void(const boost::shared_ptr<const sensor_msgs::PointCloud_<std::allocator<void> > >&, int)}[m[K’
   ros::Subscriber sub = nh.subscribe("distance_sensors", 1000, dist);
[01;32m[K                                                                    ^[m[K
In file included from [01m[K/opt/ros/kinetic/include/ros/ros.h:45:0[m[K,
                 from [01m[K/home/gabriel/meucantinho/src/hello_world/src/desvia.cpp:1[m[K:
[01m[K/opt/ros/kinetic/include/ros/node_handle.h:799:14:[m[K [01;36m[Knote: [m[Kcandidate: template<class M, class C> ros::Subscriber ros::NodeHandle::subscribe(const string&, uint32_t, const boost::function<void(C)>&, const VoidConstPtr&, const ros::TransportHints&)
   Subscriber subscribe(const std::string& topic, uint32_t queue_size, const boost::function<void (C)>& callback,
[01;32m[K              ^[m[K
[01m[K/opt/ros/kinetic/include/ros/node_handle.h:799:14:[m[K [01;36m[Knote: [m[K  template argument deduction/substitution failed:
[01m[K/home/gabriel/meucantinho/src/hello_world/src/desvia.cpp:33:68:[m[K [01;36m[Knote: [m[K  mismatched types ‘[01m[Kconst boost::function<void(C)>[m[K’ and ‘[01m[Kvoid(const ConstPtr&, int) {aka void(const boost::shared_ptr<const sensor_msgs::PointCloud_<std::allocator<void> > >&, int)}[m[K’
   ros::Subscriber sub = nh.subscribe("distance_sensors", 1000, dist);
[01;32m[K                                                                    ^[m[K
In file included from [01m[K/opt/ros/kinetic/include/ros/ros.h:45:0[m[K,
                 from [01m[K/home/gabriel/meucantinho/src/hello_world/src/desvia.cpp:1[m[K:
[01m[K/opt/ros/kinetic/include/ros/node_handle.h:836:14:[m[K [01;36m[Knote: [m[Kcandidate: ros::Subscriber ros::NodeHandle::subscribe(ros::SubscribeOptions&)
   Subscriber subscribe(SubscribeOptions& ops);
[01;32m[K              ^[m[K
[01m[K/opt/ros/kinetic/include/ros/node_handle.h:836:14:[m[K [01;36m[Knote: [m[K  candidate expects 1 argument, 3 provided
[01m[K/home/gabriel/meucantinho/src/hello_world/src/desvia.cpp:35:25:[m[K [01;31m[Kerror: [m[K‘[01m[Kdistancia[m[K’ was not declared in this scope
   vel_x = VMed - offx * distancia[0].x - offDiag * distancia[8].x - offDiag * distancia[1].x
[01;32m[K                         ^[m[K
[01m[K/home/gabriel/meucantinho/src/hello_world/src/desvia.cpp:48:3:[m[K [01;31m[Kerror: [m[K‘[01m[Kloop_rate[m[K’ was not declared in this scope
   loop_rate.sleep();
[01;32m[K   ^[m[K
make[2]: *** [CMakeFiles/desvia_node.dir/src/desvia.cpp.o] Error 1
make[1]: *** [CMakeFiles/desvia_node.dir/all] Error 2
make: *** [all] Error 2
