Determining if the pthread_create exist failed with the following output:
Change Dir: /home/gabriel/meucantinho/build/catkin_tools_prebuild/CMakeFiles/CMakeTmp

Run Build Command:"/usr/bin/make" "cmTC_a34dd/fast"
/usr/bin/make -f CMakeFiles/cmTC_a34dd.dir/build.make CMakeFiles/cmTC_a34dd.dir/build
make[1]: Entering directory '/home/gabriel/meucantinho/build/catkin_tools_prebuild/CMakeFiles/CMakeTmp'
Building C object CMakeFiles/cmTC_a34dd.dir/CheckSymbolExists.c.o
/usr/bin/cc     -o CMakeFiles/cmTC_a34dd.dir/CheckSymbolExists.c.o   -c /home/gabriel/meucantinho/build/catkin_tools_prebuild/CMakeFiles/CMakeTmp/CheckSymbolExists.c
Linking C executable cmTC_a34dd
/usr/bin/cmake -E cmake_link_script CMakeFiles/cmTC_a34dd.dir/link.txt --verbose=1
/usr/bin/cc       CMakeFiles/cmTC_a34dd.dir/CheckSymbolExists.c.o  -o cmTC_a34dd -rdynamic 
CMakeFiles/cmTC_a34dd.dir/CheckSymbolExists.c.o: In function `main':
CheckSymbolExists.c:(.text+0x16): undefined reference to `pthread_create'
collect2: error: ld returned 1 exit status
CMakeFiles/cmTC_a34dd.dir/build.make:97: recipe for target 'cmTC_a34dd' failed
make[1]: *** [cmTC_a34dd] Error 1
make[1]: Leaving directory '/home/gabriel/meucantinho/build/catkin_tools_prebuild/CMakeFiles/CMakeTmp'
Makefile:126: recipe for target 'cmTC_a34dd/fast' failed
make: *** [cmTC_a34dd/fast] Error 2

File /home/gabriel/meucantinho/build/catkin_tools_prebuild/CMakeFiles/CMakeTmp/CheckSymbolExists.c:
/* */
#include <pthread.h>

int main(int argc, char** argv)
{
  (void)argv;
#ifndef pthread_create
  return ((int*)(&pthread_create))[argc];
#else
  (void)argc;
  return 0;
#endif
}

Determining if the function pthread_create exists in the pthreads failed with the following output:
Change Dir: /home/gabriel/meucantinho/build/catkin_tools_prebuild/CMakeFiles/CMakeTmp

Run Build Command:"/usr/bin/make" "cmTC_e4e6f/fast"
/usr/bin/make -f CMakeFiles/cmTC_e4e6f.dir/build.make CMakeFiles/cmTC_e4e6f.dir/build
make[1]: Entering directory '/home/gabriel/meucantinho/build/catkin_tools_prebuild/CMakeFiles/CMakeTmp'
Building C object CMakeFiles/cmTC_e4e6f.dir/CheckFunctionExists.c.o
/usr/bin/cc    -DCHECK_FUNCTION_EXISTS=pthread_create   -o CMakeFiles/cmTC_e4e6f.dir/CheckFunctionExists.c.o   -c /usr/share/cmake-3.5/Modules/CheckFunctionExists.c
Linking C executable cmTC_e4e6f
/usr/bin/cmake -E cmake_link_script CMakeFiles/cmTC_e4e6f.dir/link.txt --verbose=1
/usr/bin/cc   -DCHECK_FUNCTION_EXISTS=pthread_create    CMakeFiles/cmTC_e4e6f.dir/CheckFunctionExists.c.o  -o cmTC_e4e6f -rdynamic -lpthreads 
/usr/bin/ld: cannot find -lpthreads
collect2: error: ld returned 1 exit status
CMakeFiles/cmTC_e4e6f.dir/build.make:97: recipe for target 'cmTC_e4e6f' failed
make[1]: *** [cmTC_e4e6f] Error 1
make[1]: Leaving directory '/home/gabriel/meucantinho/build/catkin_tools_prebuild/CMakeFiles/CMakeTmp'
Makefile:126: recipe for target 'cmTC_e4e6f/fast' failed
make: *** [cmTC_e4e6f/fast] Error 2


