[35m[1mScanning dependencies of target subscriber_node[0m
[35m[1mScanning dependencies of target publisher_node[0m
[ 25%] [32mBuilding CXX object CMakeFiles/publisher_node.dir/src/falante.cpp.o[0m
[ 50%] [32mBuilding CXX object CMakeFiles/subscriber_node.dir/src/ouvinte.cpp.o[0m
[01m[K/home/luan/catkin_dir/hello_world/src/hello_world_pkg/src/ouvinte.cpp:[m[K In function ‘[01m[Kint main(int, const char**)[m[K’:
[01m[K/home/luan/catkin_dir/hello_world/src/hello_world_pkg/src/ouvinte.cpp:13:36:[m[K [01;31m[Kerror: [m[Kinvalid conversion from ‘[01m[Kconst char**[m[K’ to ‘[01m[Kchar**[m[K’ [-fpermissive]
  ros::init(argc, argv, "subscriber");
[01;32m[K                                    ^[m[K
In file included from [01m[K/opt/ros/kinetic/include/ros/node_handle.h:47:0[m[K,
                 from [01m[K/opt/ros/kinetic/include/ros/ros.h:45[m[K,
                 from [01m[K/home/luan/catkin_dir/hello_world/src/hello_world_pkg/src/ouvinte.cpp:1[m[K:
[01m[K/opt/ros/kinetic/include/ros/init.h:83:18:[m[K [01;36m[Knote: [m[K  initializing argument 2 of ‘[01m[Kvoid ros::init(int&, char**, const string&, uint32_t)[m[K’
 ROSCPP_DECL void init(int &argc, char **argv, const std::string& name, uint32_t options = 0);
[01;32m[K                  ^[m[K
[01m[K/home/luan/catkin_dir/hello_world/src/hello_world_pkg/src/falante.cpp:[m[K In function ‘[01m[Kint main(int, const char**)[m[K’:
[01m[K/home/luan/catkin_dir/hello_world/src/hello_world_pkg/src/falante.cpp:8:35:[m[K [01;31m[Kerror: [m[Kinvalid conversion from ‘[01m[Kconst char**[m[K’ to ‘[01m[Kchar**[m[K’ [-fpermissive]
  ros::init(argc, argv, "publisher");
[01;32m[K                                   ^[m[K
In file included from [01m[K/opt/ros/kinetic/include/ros/node_handle.h:47:0[m[K,
                 from [01m[K/opt/ros/kinetic/include/ros/ros.h:45[m[K,
                 from [01m[K/home/luan/catkin_dir/hello_world/src/hello_world_pkg/src/falante.cpp:1[m[K:
[01m[K/opt/ros/kinetic/include/ros/init.h:83:18:[m[K [01;36m[Knote: [m[K  initializing argument 2 of ‘[01m[Kvoid ros::init(int&, char**, const string&, uint32_t)[m[K’
 ROSCPP_DECL void init(int &argc, char **argv, const std::string& name, uint32_t options = 0);
[01;32m[K                  ^[m[K
CMakeFiles/publisher_node.dir/build.make:62: recipe for target 'CMakeFiles/publisher_node.dir/src/falante.cpp.o' failed
make[2]: *** [CMakeFiles/publisher_node.dir/src/falante.cpp.o] Error 1
CMakeFiles/Makefile2:168: recipe for target 'CMakeFiles/publisher_node.dir/all' failed
make[1]: *** [CMakeFiles/publisher_node.dir/all] Error 2
make[1]: *** Waiting for unfinished jobs....
CMakeFiles/subscriber_node.dir/build.make:62: recipe for target 'CMakeFiles/subscriber_node.dir/src/ouvinte.cpp.o' failed
make[2]: *** [CMakeFiles/subscriber_node.dir/src/ouvinte.cpp.o] Error 1
CMakeFiles/Makefile2:131: recipe for target 'CMakeFiles/subscriber_node.dir/all' failed
make[1]: *** [CMakeFiles/subscriber_node.dir/all] Error 2
Makefile:138: recipe for target 'all' failed
make: *** [all] Error 2
