[01m[K/home/luan/competicao_workshop/src/desafio/src/resolucao.cpp:[m[K In function ‘[01m[Kvoid dist_sensor(const ConstPtr&)[m[K’:
[01m[K/home/luan/competicao_workshop/src/desafio/src/resolucao.cpp:16:30:[m[K [01;31m[Kerror: [m[K‘[01m[Kdist_front[m[K’ was not declared in this scope
  std::cout << std::to_string(dist_front.x) << "\n";
[01;32m[K                              ^[m[K
[01m[K/home/luan/competicao_workshop/src/desafio/src/resolucao.cpp:18:54:[m[K [01;31m[Kerror: [m[K‘[01m[Kcalc_dist[m[K’ was not declared in this scope
  if (calc_dist(dists->points[0].x, dists->points[0].y) < LIMITE || calc_dist(dists->points[1].x, dists->points[1].y) < LIMITE || calc_dist(dists->points[8].x, dists->points[8].y) < LIMITE){
[01;32m[K                                                      ^[m[K
[01m[K/home/luan/competicao_workshop/src/desafio/src/resolucao.cpp:25:54:[m[K [01;31m[Kerror: [m[K‘[01m[Kcalc_dist[m[K’ was not declared in this scope
  if (calc_dist(dists->points[2].x, dists->points[2].y) < LIMITE || calc_dist(dists->points[3].x, dists->points[3].y) < LIMITE){
[01;32m[K                                                      ^[m[K
[01m[K/home/luan/competicao_workshop/src/desafio/src/resolucao.cpp:32:54:[m[K [01;31m[Kerror: [m[K‘[01m[Kcalc_dist[m[K’ was not declared in this scope
  if (calc_dist(dists->points[4].x, dists->points[4].y) < LIMITE || calc_dist(dists->points[5].x, dists->points[5].y) < LIMITE){
[01;32m[K                                                      ^[m[K
[01m[K/home/luan/competicao_workshop/src/desafio/src/resolucao.cpp:39:54:[m[K [01;31m[Kerror: [m[K‘[01m[Kcalc_dist[m[K’ was not declared in this scope
  if (calc_dist(dists->points[6].x, dists->points[6].y) < LIMITE || calc_dist(dists->points[7].x, dists->points[7].y) < LIMITE){
[01;32m[K                                                      ^[m[K
[01m[K/home/luan/competicao_workshop/src/desafio/src/resolucao.cpp:[m[K In function ‘[01m[Kfloat calc_dist(float, float)[m[K’:
[01m[K/home/luan/competicao_workshop/src/desafio/src/resolucao.cpp:48:23:[m[K [01;31m[Kerror: [m[K‘[01m[Ksrqt[m[K’ was not declared in this scope
  return srqt(a*a + b*b);
[01;32m[K                       ^[m[K
make[2]: *** [CMakeFiles/resolucao_node.dir/src/resolucao.cpp.o] Error 1
make[1]: *** [CMakeFiles/resolucao_node.dir/all] Error 2
make: *** [all] Error 2
