Determining if the pthread_create exist failed with the following output:
Change Dir: /home/luan/catkin_dir/hello_world/build/catkin_tools_prebuild/CMakeFiles/CMakeTmp

Run Build Command:"/usr/bin/make" "cmTC_4799a/fast"
/usr/bin/make -f CMakeFiles/cmTC_4799a.dir/build.make CMakeFiles/cmTC_4799a.dir/build
make[1]: Entering directory '/home/luan/catkin_dir/hello_world/build/catkin_tools_prebuild/CMakeFiles/CMakeTmp'
Building C object CMakeFiles/cmTC_4799a.dir/CheckSymbolExists.c.o
/usr/bin/cc     -o CMakeFiles/cmTC_4799a.dir/CheckSymbolExists.c.o   -c /home/luan/catkin_dir/hello_world/build/catkin_tools_prebuild/CMakeFiles/CMakeTmp/CheckSymbolExists.c
Linking C executable cmTC_4799a
/usr/bin/cmake -E cmake_link_script CMakeFiles/cmTC_4799a.dir/link.txt --verbose=1
/usr/bin/cc       CMakeFiles/cmTC_4799a.dir/CheckSymbolExists.c.o  -o cmTC_4799a -rdynamic 
CMakeFiles/cmTC_4799a.dir/CheckSymbolExists.c.o: In function `main':
CheckSymbolExists.c:(.text+0x16): undefined reference to `pthread_create'
collect2: error: ld returned 1 exit status
CMakeFiles/cmTC_4799a.dir/build.make:97: recipe for target 'cmTC_4799a' failed
make[1]: *** [cmTC_4799a] Error 1
make[1]: Leaving directory '/home/luan/catkin_dir/hello_world/build/catkin_tools_prebuild/CMakeFiles/CMakeTmp'
Makefile:126: recipe for target 'cmTC_4799a/fast' failed
make: *** [cmTC_4799a/fast] Error 2

File /home/luan/catkin_dir/hello_world/build/catkin_tools_prebuild/CMakeFiles/CMakeTmp/CheckSymbolExists.c:
/* */
#include <pthread.h>

int main(int argc, char** argv)
{
  (void)argv;
#ifndef pthread_create
  return ((int*)(&pthread_create))[argc];
#else
  (void)argc;
  return 0;
#endif
}

Determining if the function pthread_create exists in the pthreads failed with the following output:
Change Dir: /home/luan/catkin_dir/hello_world/build/catkin_tools_prebuild/CMakeFiles/CMakeTmp

Run Build Command:"/usr/bin/make" "cmTC_8d0bc/fast"
/usr/bin/make -f CMakeFiles/cmTC_8d0bc.dir/build.make CMakeFiles/cmTC_8d0bc.dir/build
make[1]: Entering directory '/home/luan/catkin_dir/hello_world/build/catkin_tools_prebuild/CMakeFiles/CMakeTmp'
Building C object CMakeFiles/cmTC_8d0bc.dir/CheckFunctionExists.c.o
/usr/bin/cc    -DCHECK_FUNCTION_EXISTS=pthread_create   -o CMakeFiles/cmTC_8d0bc.dir/CheckFunctionExists.c.o   -c /usr/share/cmake-3.5/Modules/CheckFunctionExists.c
Linking C executable cmTC_8d0bc
/usr/bin/cmake -E cmake_link_script CMakeFiles/cmTC_8d0bc.dir/link.txt --verbose=1
/usr/bin/cc   -DCHECK_FUNCTION_EXISTS=pthread_create    CMakeFiles/cmTC_8d0bc.dir/CheckFunctionExists.c.o  -o cmTC_8d0bc -rdynamic -lpthreads 
/usr/bin/ld: cannot find -lpthreads
collect2: error: ld returned 1 exit status
CMakeFiles/cmTC_8d0bc.dir/build.make:97: recipe for target 'cmTC_8d0bc' failed
make[1]: *** [cmTC_8d0bc] Error 1
make[1]: Leaving directory '/home/luan/catkin_dir/hello_world/build/catkin_tools_prebuild/CMakeFiles/CMakeTmp'
Makefile:126: recipe for target 'cmTC_8d0bc/fast' failed
make: *** [cmTC_8d0bc/fast] Error 2


