Not searching for unused variables given on the command line.
[36m--[0m Using CATKIN_DEVEL_PREFIX: /home/takashi/Desktop/catkin_festo2018/devel/.private/beginner_tutorials
[36m--[0m Using CMAKE_PREFIX_PATH: /home/takashi/Desktop/catkin_festo2018/devel;/opt/ros/kinetic
[36m--[0m This workspace overlays: /home/takashi/Desktop/catkin_festo2018/devel;/opt/ros/kinetic
[36m--[0m Using PYTHON_EXECUTABLE: /usr/bin/python
[36m--[0m Using Debian Python package layout
[36m--[0m Using empy: /usr/bin/empy
[36m--[0m Using CATKIN_ENABLE_TESTING: ON
[36m--[0m Call enable_testing()
[36m--[0m Using CATKIN_TEST_RESULTS_DIR: /home/takashi/Desktop/catkin_festo2018/build/beginner_tutorials/test_results
[36m--[0m Found gmock sources under '/usr/src/gmock': gmock will be built
[36m--[0m Found gtest sources under '/usr/src/gmock': gtests will be built
[36m--[0m Using Python nosetests: /usr/bin/nosetests-2.7
[36m--[0m catkin 0.7.11
[36m--[0m Using these message generators: gencpp;geneus;genlisp;gennodejs;genpy
[36m--[0m beginner_tutorials: 1 messages, 1 services
[33m[1mCMake Warning[0m at /opt/ros/kinetic/share/catkin/cmake/catkin_package.cmake:166 (message):
  catkin_package() DEPENDS on 'system_lib' but neither
  'system_lib_INCLUDE_DIRS' nor 'system_lib_LIBRARIES' is defined.
[36mCall Stack (most recent call first):[0m
  /opt/ros/kinetic/share/catkin/cmake/catkin_package.cmake:102 (_catkin_package)
  CMakeLists.txt:101 (catkin_package)


[31m[1mCMake Error[0m at /opt/ros/kinetic/share/catkin/cmake/catkin_package.cmake:302 (message):
  catkin_package() include dir 'include' does not exist relative to
  '/home/takashi/Desktop/catkin_festo2018/src/beginner_tutorials'
[36mCall Stack (most recent call first):[0m
  /opt/ros/kinetic/share/catkin/cmake/catkin_package.cmake:102 (_catkin_package)
  CMakeLists.txt:101 (catkin_package)


[36m--[0m Configuring incomplete, errors occurred!
See also "/home/takashi/Desktop/catkin_festo2018/build/beginner_tutorials/CMakeFiles/CMakeOutput.log".
See also "/home/takashi/Desktop/catkin_festo2018/build/beginner_tutorials/CMakeFiles/CMakeError.log".
