Determining if the pthread_create exist failed with the following output:
Change Dir: /home/takashi/Desktop/catkin_festo2018/build/beginner_tutorials/CMakeFiles/CMakeTmp

Run Build Command:"/usr/bin/make" "cmTC_ab21c/fast"
/usr/bin/make -f CMakeFiles/cmTC_ab21c.dir/build.make CMakeFiles/cmTC_ab21c.dir/build
make[1]: Entering directory '/home/takashi/Desktop/catkin_festo2018/build/beginner_tutorials/CMakeFiles/CMakeTmp'
Building C object CMakeFiles/cmTC_ab21c.dir/CheckSymbolExists.c.o
/usr/bin/cc     -o CMakeFiles/cmTC_ab21c.dir/CheckSymbolExists.c.o   -c /home/takashi/Desktop/catkin_festo2018/build/beginner_tutorials/CMakeFiles/CMakeTmp/CheckSymbolExists.c
Linking C executable cmTC_ab21c
/usr/bin/cmake -E cmake_link_script CMakeFiles/cmTC_ab21c.dir/link.txt --verbose=1
/usr/bin/cc       CMakeFiles/cmTC_ab21c.dir/CheckSymbolExists.c.o  -o cmTC_ab21c -rdynamic 
CMakeFiles/cmTC_ab21c.dir/CheckSymbolExists.c.o: In function `main':
CheckSymbolExists.c:(.text+0x16): undefined reference to `pthread_create'
collect2: error: ld returned 1 exit status
CMakeFiles/cmTC_ab21c.dir/build.make:97: recipe for target 'cmTC_ab21c' failed
make[1]: *** [cmTC_ab21c] Error 1
make[1]: Leaving directory '/home/takashi/Desktop/catkin_festo2018/build/beginner_tutorials/CMakeFiles/CMakeTmp'
Makefile:126: recipe for target 'cmTC_ab21c/fast' failed
make: *** [cmTC_ab21c/fast] Error 2

File /home/takashi/Desktop/catkin_festo2018/build/beginner_tutorials/CMakeFiles/CMakeTmp/CheckSymbolExists.c:
/* */
#include <pthread.h>

int main(int argc, char** argv)
{
  (void)argv;
#ifndef pthread_create
  return ((int*)(&pthread_create))[argc];
#else
  (void)argc;
  return 0;
#endif
}

Determining if the function pthread_create exists in the pthreads failed with the following output:
Change Dir: /home/takashi/Desktop/catkin_festo2018/build/beginner_tutorials/CMakeFiles/CMakeTmp

Run Build Command:"/usr/bin/make" "cmTC_c8572/fast"
/usr/bin/make -f CMakeFiles/cmTC_c8572.dir/build.make CMakeFiles/cmTC_c8572.dir/build
make[1]: Entering directory '/home/takashi/Desktop/catkin_festo2018/build/beginner_tutorials/CMakeFiles/CMakeTmp'
Building C object CMakeFiles/cmTC_c8572.dir/CheckFunctionExists.c.o
/usr/bin/cc    -DCHECK_FUNCTION_EXISTS=pthread_create   -o CMakeFiles/cmTC_c8572.dir/CheckFunctionExists.c.o   -c /usr/share/cmake-3.5/Modules/CheckFunctionExists.c
Linking C executable cmTC_c8572
/usr/bin/cmake -E cmake_link_script CMakeFiles/cmTC_c8572.dir/link.txt --verbose=1
/usr/bin/cc   -DCHECK_FUNCTION_EXISTS=pthread_create    CMakeFiles/cmTC_c8572.dir/CheckFunctionExists.c.o  -o cmTC_c8572 -rdynamic -lpthreads 
/usr/bin/ld: cannot find -lpthreads
collect2: error: ld returned 1 exit status
CMakeFiles/cmTC_c8572.dir/build.make:97: recipe for target 'cmTC_c8572' failed
make[1]: *** [cmTC_c8572] Error 1
make[1]: Leaving directory '/home/takashi/Desktop/catkin_festo2018/build/beginner_tutorials/CMakeFiles/CMakeTmp'
Makefile:126: recipe for target 'cmTC_c8572/fast' failed
make: *** [cmTC_c8572/fast] Error 2


