[  0%] Built target std_msgs_generate_messages_cpp
[ 24%] Built target robotino_node
[ 24%] Built target _robotino_node_generate_messages_check_deps_SetEncoderPosition
[ 24%] Built target _robotino_node_generate_messages_check_deps_EncoderReadings
[ 24%] Built target _robotino_node_generate_messages_check_deps_ResetOdometry
[ 24%] Built target _robotino_node_generate_messages_check_deps_DigitalReadings
[ 24%] Built target _robotino_node_generate_messages_check_deps_PowerReadings
[ 24%] Built target _robotino_node_generate_messages_check_deps_AnalogReadings
[ 24%] Built target geometry_msgs_generate_messages_nodejs
[ 24%] Built target geometry_msgs_generate_messages_cpp
[ 24%] Built target std_msgs_generate_messages_nodejs
[ 24%] Built target std_msgs_generate_messages_lisp
[ 24%] Built target geometry_msgs_generate_messages_lisp
[ 24%] Built target _robotino_node_generate_messages_check_deps_MotorReadings
[ 24%] Built target std_msgs_generate_messages_eus
[ 24%] Built target geometry_msgs_generate_messages_eus
[ 24%] Built target geometry_msgs_generate_messages_py
[ 24%] Built target std_msgs_generate_messages_py
[ 34%] Built target robotino_node_generate_messages_cpp
[ 44%] Built target robotino_node_generate_messages_nodejs
[ 51%] Built target robotino_laserrangefinder_node
[ 61%] Built target robotino_node_generate_messages_lisp
[ 68%] Built target robotino_camera_node
[ 75%] Built target robotino_odometry_node
[ 88%] Built target robotino_node_generate_messages_py
[100%] Built target robotino_node_generate_messages_eus
[100%] Built target robotino_node_generate_messages
