[  0%] Built target std_msgs_generate_messages_cpp
[  0%] Built target _robotino_node_generate_messages_check_deps_ResetOdometry
[  0%] Built target _robotino_node_generate_messages_check_deps_DigitalReadings
[  0%] Built target _robotino_node_generate_messages_check_deps_AnalogReadings
[  5%] Built target _robotino_node_generate_messages_check_deps_EncoderReadings
[ 24%] Built target robotino_node
[ 24%] Built target _robotino_node_generate_messages_check_deps_PowerReadings
[ 24%] Built target _robotino_node_generate_messages_check_deps_SetEncoderPosition
[ 24%] Built target geometry_msgs_generate_messages_cpp
[ 24%] Built target geometry_msgs_generate_messages_nodejs
[ 24%] Built target std_msgs_generate_messages_lisp
[ 24%] Built target std_msgs_generate_messages_nodejs
[ 24%] Built target _robotino_node_generate_messages_check_deps_MotorReadings
[ 24%] Built target geometry_msgs_generate_messages_lisp
[ 24%] Built target std_msgs_generate_messages_eus
[ 24%] Built target geometry_msgs_generate_messages_eus
[ 24%] Built target std_msgs_generate_messages_py
[ 24%] Built target geometry_msgs_generate_messages_py
[ 34%] Built target robotino_node_generate_messages_lisp
[ 44%] Built target robotino_node_generate_messages_nodejs
[ 54%] Built target robotino_node_generate_messages_cpp
[ 61%] Built target robotino_odometry_node
[ 68%] Built target robotino_laserrangefinder_node
[ 75%] Built target robotino_camera_node
[ 87%] Built target robotino_node_generate_messages_eus
[100%] Built target robotino_node_generate_messages_py
[100%] Built target robotino_node_generate_messages
