Linked: (/home/takashi/Desktop/catkin_festo2018/devel/.private/robotino_node/lib/python2.7/dist-packages/robotino_node/__init__.py, /home/takashi/Desktop/catkin_festo2018/devel/lib/python2.7/dist-packages/robotino_node/__init__.py)
Linked: (/home/takashi/Desktop/catkin_festo2018/devel/.private/robotino_node/lib/python2.7/dist-packages/robotino_node/msg/_EncoderReadings.py, /home/takashi/Desktop/catkin_festo2018/devel/lib/python2.7/dist-packages/robotino_node/msg/_EncoderReadings.py)
Linked: (/home/takashi/Desktop/catkin_festo2018/devel/.private/robotino_node/lib/python2.7/dist-packages/robotino_node/msg/_PowerReadings.py, /home/takashi/Desktop/catkin_festo2018/devel/lib/python2.7/dist-packages/robotino_node/msg/_PowerReadings.py)
Linked: (/home/takashi/Desktop/catkin_festo2018/devel/.private/robotino_node/lib/python2.7/dist-packages/robotino_node/msg/_AnalogReadings.py, /home/takashi/Desktop/catkin_festo2018/devel/lib/python2.7/dist-packages/robotino_node/msg/_AnalogReadings.py)
Linked: (/home/takashi/Desktop/catkin_festo2018/devel/.private/robotino_node/lib/python2.7/dist-packages/robotino_node/msg/_MotorReadings.py, /home/takashi/Desktop/catkin_festo2018/devel/lib/python2.7/dist-packages/robotino_node/msg/_MotorReadings.py)
Linked: (/home/takashi/Desktop/catkin_festo2018/devel/.private/robotino_node/lib/python2.7/dist-packages/robotino_node/msg/__init__.py, /home/takashi/Desktop/catkin_festo2018/devel/lib/python2.7/dist-packages/robotino_node/msg/__init__.py)
Linked: (/home/takashi/Desktop/catkin_festo2018/devel/.private/robotino_node/lib/python2.7/dist-packages/robotino_node/msg/_DigitalReadings.py, /home/takashi/Desktop/catkin_festo2018/devel/lib/python2.7/dist-packages/robotino_node/msg/_DigitalReadings.py)
Linked: (/home/takashi/Desktop/catkin_festo2018/devel/.private/robotino_node/lib/python2.7/dist-packages/robotino_node/srv/_ResetOdometry.py, /home/takashi/Desktop/catkin_festo2018/devel/lib/python2.7/dist-packages/robotino_node/srv/_ResetOdometry.py)
Linked: (/home/takashi/Desktop/catkin_festo2018/devel/.private/robotino_node/lib/python2.7/dist-packages/robotino_node/srv/_SetEncoderPosition.py, /home/takashi/Desktop/catkin_festo2018/devel/lib/python2.7/dist-packages/robotino_node/srv/_SetEncoderPosition.py)
Linked: (/home/takashi/Desktop/catkin_festo2018/devel/.private/robotino_node/lib/python2.7/dist-packages/robotino_node/srv/__init__.py, /home/takashi/Desktop/catkin_festo2018/devel/lib/python2.7/dist-packages/robotino_node/srv/__init__.py)
Linked: (/home/takashi/Desktop/catkin_festo2018/devel/.private/robotino_node/lib/pkgconfig/robotino_node.pc, /home/takashi/Desktop/catkin_festo2018/devel/lib/pkgconfig/robotino_node.pc)
Linked: (/home/takashi/Desktop/catkin_festo2018/devel/.private/robotino_node/lib/robotino_node/robotino_odometry_node, /home/takashi/Desktop/catkin_festo2018/devel/lib/robotino_node/robotino_odometry_node)
Linked: (/home/takashi/Desktop/catkin_festo2018/devel/.private/robotino_node/lib/robotino_node/robotino_camera_node, /home/takashi/Desktop/catkin_festo2018/devel/lib/robotino_node/robotino_camera_node)
Linked: (/home/takashi/Desktop/catkin_festo2018/devel/.private/robotino_node/lib/robotino_node/robotino_node, /home/takashi/Desktop/catkin_festo2018/devel/lib/robotino_node/robotino_node)
Linked: (/home/takashi/Desktop/catkin_festo2018/devel/.private/robotino_node/lib/robotino_node/robotino_laserrangefinder_node, /home/takashi/Desktop/catkin_festo2018/devel/lib/robotino_node/robotino_laserrangefinder_node)
Linked: (/home/takashi/Desktop/catkin_festo2018/devel/.private/robotino_node/include/robotino_node/SetEncoderPositionResponse.h, /home/takashi/Desktop/catkin_festo2018/devel/include/robotino_node/SetEncoderPositionResponse.h)
Linked: (/home/takashi/Desktop/catkin_festo2018/devel/.private/robotino_node/include/robotino_node/SetEncoderPosition.h, /home/takashi/Desktop/catkin_festo2018/devel/include/robotino_node/SetEncoderPosition.h)
Linked: (/home/takashi/Desktop/catkin_festo2018/devel/.private/robotino_node/include/robotino_node/ResetOdometryResponse.h, /home/takashi/Desktop/catkin_festo2018/devel/include/robotino_node/ResetOdometryResponse.h)
Linked: (/home/takashi/Desktop/catkin_festo2018/devel/.private/robotino_node/include/robotino_node/ResetOdometry.h, /home/takashi/Desktop/catkin_festo2018/devel/include/robotino_node/ResetOdometry.h)
Linked: (/home/takashi/Desktop/catkin_festo2018/devel/.private/robotino_node/include/robotino_node/SetEncoderPositionRequest.h, /home/takashi/Desktop/catkin_festo2018/devel/include/robotino_node/SetEncoderPositionRequest.h)
Linked: (/home/takashi/Desktop/catkin_festo2018/devel/.private/robotino_node/include/robotino_node/MotorReadings.h, /home/takashi/Desktop/catkin_festo2018/devel/include/robotino_node/MotorReadings.h)
Linked: (/home/takashi/Desktop/catkin_festo2018/devel/.private/robotino_node/include/robotino_node/DigitalReadings.h, /home/takashi/Desktop/catkin_festo2018/devel/include/robotino_node/DigitalReadings.h)
Linked: (/home/takashi/Desktop/catkin_festo2018/devel/.private/robotino_node/include/robotino_node/ResetOdometryRequest.h, /home/takashi/Desktop/catkin_festo2018/devel/include/robotino_node/ResetOdometryRequest.h)
Linked: (/home/takashi/Desktop/catkin_festo2018/devel/.private/robotino_node/include/robotino_node/EncoderReadings.h, /home/takashi/Desktop/catkin_festo2018/devel/include/robotino_node/EncoderReadings.h)
Linked: (/home/takashi/Desktop/catkin_festo2018/devel/.private/robotino_node/include/robotino_node/AnalogReadings.h, /home/takashi/Desktop/catkin_festo2018/devel/include/robotino_node/AnalogReadings.h)
Linked: (/home/takashi/Desktop/catkin_festo2018/devel/.private/robotino_node/include/robotino_node/PowerReadings.h, /home/takashi/Desktop/catkin_festo2018/devel/include/robotino_node/PowerReadings.h)
Linked: (/home/takashi/Desktop/catkin_festo2018/devel/.private/robotino_node/share/gennodejs/ros/robotino_node/_index.js, /home/takashi/Desktop/catkin_festo2018/devel/share/gennodejs/ros/robotino_node/_index.js)
Linked: (/home/takashi/Desktop/catkin_festo2018/devel/.private/robotino_node/share/gennodejs/ros/robotino_node/msg/EncoderReadings.js, /home/takashi/Desktop/catkin_festo2018/devel/share/gennodejs/ros/robotino_node/msg/EncoderReadings.js)
Linked: (/home/takashi/Desktop/catkin_festo2018/devel/.private/robotino_node/share/gennodejs/ros/robotino_node/msg/DigitalReadings.js, /home/takashi/Desktop/catkin_festo2018/devel/share/gennodejs/ros/robotino_node/msg/DigitalReadings.js)
Linked: (/home/takashi/Desktop/catkin_festo2018/devel/.private/robotino_node/share/gennodejs/ros/robotino_node/msg/PowerReadings.js, /home/takashi/Desktop/catkin_festo2018/devel/share/gennodejs/ros/robotino_node/msg/PowerReadings.js)
Linked: (/home/takashi/Desktop/catkin_festo2018/devel/.private/robotino_node/share/gennodejs/ros/robotino_node/msg/AnalogReadings.js, /home/takashi/Desktop/catkin_festo2018/devel/share/gennodejs/ros/robotino_node/msg/AnalogReadings.js)
Linked: (/home/takashi/Desktop/catkin_festo2018/devel/.private/robotino_node/share/gennodejs/ros/robotino_node/msg/_index.js, /home/takashi/Desktop/catkin_festo2018/devel/share/gennodejs/ros/robotino_node/msg/_index.js)
Linked: (/home/takashi/Desktop/catkin_festo2018/devel/.private/robotino_node/share/gennodejs/ros/robotino_node/msg/MotorReadings.js, /home/takashi/Desktop/catkin_festo2018/devel/share/gennodejs/ros/robotino_node/msg/MotorReadings.js)
Linked: (/home/takashi/Desktop/catkin_festo2018/devel/.private/robotino_node/share/gennodejs/ros/robotino_node/srv/SetEncoderPosition.js, /home/takashi/Desktop/catkin_festo2018/devel/share/gennodejs/ros/robotino_node/srv/SetEncoderPosition.js)
Linked: (/home/takashi/Desktop/catkin_festo2018/devel/.private/robotino_node/share/gennodejs/ros/robotino_node/srv/ResetOdometry.js, /home/takashi/Desktop/catkin_festo2018/devel/share/gennodejs/ros/robotino_node/srv/ResetOdometry.js)
Linked: (/home/takashi/Desktop/catkin_festo2018/devel/.private/robotino_node/share/gennodejs/ros/robotino_node/srv/_index.js, /home/takashi/Desktop/catkin_festo2018/devel/share/gennodejs/ros/robotino_node/srv/_index.js)
Linked: (/home/takashi/Desktop/catkin_festo2018/devel/.private/robotino_node/share/roseus/ros/robotino_node/manifest.l, /home/takashi/Desktop/catkin_festo2018/devel/share/roseus/ros/robotino_node/manifest.l)
Linked: (/home/takashi/Desktop/catkin_festo2018/devel/.private/robotino_node/share/roseus/ros/robotino_node/msg/DigitalReadings.l, /home/takashi/Desktop/catkin_festo2018/devel/share/roseus/ros/robotino_node/msg/DigitalReadings.l)
Linked: (/home/takashi/Desktop/catkin_festo2018/devel/.private/robotino_node/share/roseus/ros/robotino_node/msg/EncoderReadings.l, /home/takashi/Desktop/catkin_festo2018/devel/share/roseus/ros/robotino_node/msg/EncoderReadings.l)
Linked: (/home/takashi/Desktop/catkin_festo2018/devel/.private/robotino_node/share/roseus/ros/robotino_node/msg/MotorReadings.l, /home/takashi/Desktop/catkin_festo2018/devel/share/roseus/ros/robotino_node/msg/MotorReadings.l)
Linked: (/home/takashi/Desktop/catkin_festo2018/devel/.private/robotino_node/share/roseus/ros/robotino_node/msg/AnalogReadings.l, /home/takashi/Desktop/catkin_festo2018/devel/share/roseus/ros/robotino_node/msg/AnalogReadings.l)
Linked: (/home/takashi/Desktop/catkin_festo2018/devel/.private/robotino_node/share/roseus/ros/robotino_node/msg/PowerReadings.l, /home/takashi/Desktop/catkin_festo2018/devel/share/roseus/ros/robotino_node/msg/PowerReadings.l)
Linked: (/home/takashi/Desktop/catkin_festo2018/devel/.private/robotino_node/share/roseus/ros/robotino_node/srv/SetEncoderPosition.l, /home/takashi/Desktop/catkin_festo2018/devel/share/roseus/ros/robotino_node/srv/SetEncoderPosition.l)
Linked: (/home/takashi/Desktop/catkin_festo2018/devel/.private/robotino_node/share/roseus/ros/robotino_node/srv/ResetOdometry.l, /home/takashi/Desktop/catkin_festo2018/devel/share/roseus/ros/robotino_node/srv/ResetOdometry.l)
Linked: (/home/takashi/Desktop/catkin_festo2018/devel/.private/robotino_node/share/common-lisp/ros/robotino_node/msg/robotino_node-msg.asd, /home/takashi/Desktop/catkin_festo2018/devel/share/common-lisp/ros/robotino_node/msg/robotino_node-msg.asd)
Linked: (/home/takashi/Desktop/catkin_festo2018/devel/.private/robotino_node/share/common-lisp/ros/robotino_node/msg/_package.lisp, /home/takashi/Desktop/catkin_festo2018/devel/share/common-lisp/ros/robotino_node/msg/_package.lisp)
Linked: (/home/takashi/Desktop/catkin_festo2018/devel/.private/robotino_node/share/common-lisp/ros/robotino_node/msg/EncoderReadings.lisp, /home/takashi/Desktop/catkin_festo2018/devel/share/common-lisp/ros/robotino_node/msg/EncoderReadings.lisp)
Linked: (/home/takashi/Desktop/catkin_festo2018/devel/.private/robotino_node/share/common-lisp/ros/robotino_node/msg/AnalogReadings.lisp, /home/takashi/Desktop/catkin_festo2018/devel/share/common-lisp/ros/robotino_node/msg/AnalogReadings.lisp)
Linked: (/home/takashi/Desktop/catkin_festo2018/devel/.private/robotino_node/share/common-lisp/ros/robotino_node/msg/_package_MotorReadings.lisp, /home/takashi/Desktop/catkin_festo2018/devel/share/common-lisp/ros/robotino_node/msg/_package_MotorReadings.lisp)
Linked: (/home/takashi/Desktop/catkin_festo2018/devel/.private/robotino_node/share/common-lisp/ros/robotino_node/msg/PowerReadings.lisp, /home/takashi/Desktop/catkin_festo2018/devel/share/common-lisp/ros/robotino_node/msg/PowerReadings.lisp)
Linked: (/home/takashi/Desktop/catkin_festo2018/devel/.private/robotino_node/share/common-lisp/ros/robotino_node/msg/_package_PowerReadings.lisp, /home/takashi/Desktop/catkin_festo2018/devel/share/common-lisp/ros/robotino_node/msg/_package_PowerReadings.lisp)
Linked: (/home/takashi/Desktop/catkin_festo2018/devel/.private/robotino_node/share/common-lisp/ros/robotino_node/msg/_package_EncoderReadings.lisp, /home/takashi/Desktop/catkin_festo2018/devel/share/common-lisp/ros/robotino_node/msg/_package_EncoderReadings.lisp)
Linked: (/home/takashi/Desktop/catkin_festo2018/devel/.private/robotino_node/share/common-lisp/ros/robotino_node/msg/MotorReadings.lisp, /home/takashi/Desktop/catkin_festo2018/devel/share/common-lisp/ros/robotino_node/msg/MotorReadings.lisp)
Linked: (/home/takashi/Desktop/catkin_festo2018/devel/.private/robotino_node/share/common-lisp/ros/robotino_node/msg/_package_DigitalReadings.lisp, /home/takashi/Desktop/catkin_festo2018/devel/share/common-lisp/ros/robotino_node/msg/_package_DigitalReadings.lisp)
Linked: (/home/takashi/Desktop/catkin_festo2018/devel/.private/robotino_node/share/common-lisp/ros/robotino_node/msg/DigitalReadings.lisp, /home/takashi/Desktop/catkin_festo2018/devel/share/common-lisp/ros/robotino_node/msg/DigitalReadings.lisp)
Linked: (/home/takashi/Desktop/catkin_festo2018/devel/.private/robotino_node/share/common-lisp/ros/robotino_node/msg/_package_AnalogReadings.lisp, /home/takashi/Desktop/catkin_festo2018/devel/share/common-lisp/ros/robotino_node/msg/_package_AnalogReadings.lisp)
Linked: (/home/takashi/Desktop/catkin_festo2018/devel/.private/robotino_node/share/common-lisp/ros/robotino_node/srv/_package.lisp, /home/takashi/Desktop/catkin_festo2018/devel/share/common-lisp/ros/robotino_node/srv/_package.lisp)
Linked: (/home/takashi/Desktop/catkin_festo2018/devel/.private/robotino_node/share/common-lisp/ros/robotino_node/srv/robotino_node-srv.asd, /home/takashi/Desktop/catkin_festo2018/devel/share/common-lisp/ros/robotino_node/srv/robotino_node-srv.asd)
Linked: (/home/takashi/Desktop/catkin_festo2018/devel/.private/robotino_node/share/common-lisp/ros/robotino_node/srv/SetEncoderPosition.lisp, /home/takashi/Desktop/catkin_festo2018/devel/share/common-lisp/ros/robotino_node/srv/SetEncoderPosition.lisp)
Linked: (/home/takashi/Desktop/catkin_festo2018/devel/.private/robotino_node/share/common-lisp/ros/robotino_node/srv/_package_ResetOdometry.lisp, /home/takashi/Desktop/catkin_festo2018/devel/share/common-lisp/ros/robotino_node/srv/_package_ResetOdometry.lisp)
Linked: (/home/takashi/Desktop/catkin_festo2018/devel/.private/robotino_node/share/common-lisp/ros/robotino_node/srv/_package_SetEncoderPosition.lisp, /home/takashi/Desktop/catkin_festo2018/devel/share/common-lisp/ros/robotino_node/srv/_package_SetEncoderPosition.lisp)
Linked: (/home/takashi/Desktop/catkin_festo2018/devel/.private/robotino_node/share/common-lisp/ros/robotino_node/srv/ResetOdometry.lisp, /home/takashi/Desktop/catkin_festo2018/devel/share/common-lisp/ros/robotino_node/srv/ResetOdometry.lisp)
Linked: (/home/takashi/Desktop/catkin_festo2018/devel/.private/robotino_node/share/robotino_node/cmake/robotino_node-msg-paths.cmake, /home/takashi/Desktop/catkin_festo2018/devel/share/robotino_node/cmake/robotino_node-msg-paths.cmake)
Linked: (/home/takashi/Desktop/catkin_festo2018/devel/.private/robotino_node/share/robotino_node/cmake/robotino_nodeConfig.cmake, /home/takashi/Desktop/catkin_festo2018/devel/share/robotino_node/cmake/robotino_nodeConfig.cmake)
Linked: (/home/takashi/Desktop/catkin_festo2018/devel/.private/robotino_node/share/robotino_node/cmake/robotino_nodeConfig-version.cmake, /home/takashi/Desktop/catkin_festo2018/devel/share/robotino_node/cmake/robotino_nodeConfig-version.cmake)
Linked: (/home/takashi/Desktop/catkin_festo2018/devel/.private/robotino_node/share/robotino_node/cmake/robotino_node-msg-extras.cmake, /home/takashi/Desktop/catkin_festo2018/devel/share/robotino_node/cmake/robotino_node-msg-extras.cmake)
