[  0%] Built target _robotino_node_generate_messages_check_deps_SetEncoderPosition
[  0%] Built target _robotino_node_generate_messages_check_deps_ResetOdometry
[  0%] Built target _robotino_node_generate_messages_check_deps_PowerReadings
[  0%] Built target std_msgs_generate_messages_cpp
[  0%] Built target _robotino_node_generate_messages_check_deps_AnalogReadings
[  0%] Built target _robotino_node_generate_messages_check_deps_EncoderReadings
[  0%] Built target geometry_msgs_generate_messages_lisp
[  0%] Built target std_msgs_generate_messages_nodejs
[  0%] Built target std_msgs_generate_messages_lisp
[  0%] Built target geometry_msgs_generate_messages_cpp
[  0%] Built target _robotino_node_generate_messages_check_deps_DigitalReadings
[ 24%] Built target robotino_node
[ 24%] Built target _robotino_node_generate_messages_check_deps_MotorReadings
[ 24%] Built target geometry_msgs_generate_messages_nodejs
[ 24%] Built target geometry_msgs_generate_messages_eus
[ 24%] Built target std_msgs_generate_messages_py
[ 24%] Built target geometry_msgs_generate_messages_py
[ 24%] Built target std_msgs_generate_messages_eus
[ 34%] Built target robotino_node_generate_messages_nodejs
[ 47%] Built target robotino_node_generate_messages_py
[ 54%] Built target robotino_laserrangefinder_node
[ 74%] Built target robotino_node_generate_messages_cpp
[ 75%] Built target robotino_node_generate_messages_eus
[ 85%] Built target robotino_node_generate_messages_lisp
[ 87%] Built target robotino_node_generate_messages
[ 92%] Built target robotino_camera_node
[100%] Built target robotino_odometry_node
