Determining if the pthread_create exist failed with the following output:
Change Dir: /home/luan/competicao_workshop/build/catkin_tools_prebuild/CMakeFiles/CMakeTmp

Run Build Command:"/usr/bin/make" "cmTC_be53a/fast"
/usr/bin/make -f CMakeFiles/cmTC_be53a.dir/build.make CMakeFiles/cmTC_be53a.dir/build
make[1]: Entering directory '/home/luan/competicao_workshop/build/catkin_tools_prebuild/CMakeFiles/CMakeTmp'
Building C object CMakeFiles/cmTC_be53a.dir/CheckSymbolExists.c.o
/usr/bin/cc     -o CMakeFiles/cmTC_be53a.dir/CheckSymbolExists.c.o   -c /home/luan/competicao_workshop/build/catkin_tools_prebuild/CMakeFiles/CMakeTmp/CheckSymbolExists.c
Linking C executable cmTC_be53a
/usr/bin/cmake -E cmake_link_script CMakeFiles/cmTC_be53a.dir/link.txt --verbose=1
/usr/bin/cc       CMakeFiles/cmTC_be53a.dir/CheckSymbolExists.c.o  -o cmTC_be53a -rdynamic 
CMakeFiles/cmTC_be53a.dir/CheckSymbolExists.c.o: In function `main':
CheckSymbolExists.c:(.text+0x16): undefined reference to `pthread_create'
collect2: error: ld returned 1 exit status
CMakeFiles/cmTC_be53a.dir/build.make:97: recipe for target 'cmTC_be53a' failed
make[1]: *** [cmTC_be53a] Error 1
make[1]: Leaving directory '/home/luan/competicao_workshop/build/catkin_tools_prebuild/CMakeFiles/CMakeTmp'
Makefile:126: recipe for target 'cmTC_be53a/fast' failed
make: *** [cmTC_be53a/fast] Error 2

File /home/luan/competicao_workshop/build/catkin_tools_prebuild/CMakeFiles/CMakeTmp/CheckSymbolExists.c:
/* */
#include <pthread.h>

int main(int argc, char** argv)
{
  (void)argv;
#ifndef pthread_create
  return ((int*)(&pthread_create))[argc];
#else
  (void)argc;
  return 0;
#endif
}

Determining if the function pthread_create exists in the pthreads failed with the following output:
Change Dir: /home/luan/competicao_workshop/build/catkin_tools_prebuild/CMakeFiles/CMakeTmp

Run Build Command:"/usr/bin/make" "cmTC_da9c0/fast"
/usr/bin/make -f CMakeFiles/cmTC_da9c0.dir/build.make CMakeFiles/cmTC_da9c0.dir/build
make[1]: Entering directory '/home/luan/competicao_workshop/build/catkin_tools_prebuild/CMakeFiles/CMakeTmp'
Building C object CMakeFiles/cmTC_da9c0.dir/CheckFunctionExists.c.o
/usr/bin/cc    -DCHECK_FUNCTION_EXISTS=pthread_create   -o CMakeFiles/cmTC_da9c0.dir/CheckFunctionExists.c.o   -c /usr/share/cmake-3.5/Modules/CheckFunctionExists.c
Linking C executable cmTC_da9c0
/usr/bin/cmake -E cmake_link_script CMakeFiles/cmTC_da9c0.dir/link.txt --verbose=1
/usr/bin/cc   -DCHECK_FUNCTION_EXISTS=pthread_create    CMakeFiles/cmTC_da9c0.dir/CheckFunctionExists.c.o  -o cmTC_da9c0 -rdynamic -lpthreads 
/usr/bin/ld: cannot find -lpthreads
collect2: error: ld returned 1 exit status
CMakeFiles/cmTC_da9c0.dir/build.make:97: recipe for target 'cmTC_da9c0' failed
make[1]: *** [cmTC_da9c0] Error 1
make[1]: Leaving directory '/home/luan/competicao_workshop/build/catkin_tools_prebuild/CMakeFiles/CMakeTmp'
Makefile:126: recipe for target 'cmTC_da9c0/fast' failed
make: *** [cmTC_da9c0/fast] Error 2


